"https://bpa.vpc.ceicdata.com:8884/automations/work-files?automation_id=CN-RKK-T1-3\r\nsource code:200\r\nArchive:  workfile_CN-RKK-T1-3.zip\r\n   creating: CN-RKK-T1-3/\r\n  inflating: CN-RKK-T1-3/CN-RKK-T1-3.json  \r\n  inflating: CN-RKK-T1-3/CN-RKK-T1-3_init_log.txt  \r\n  inflating: CN-RKK-T1-3/cdp_log.txt  \r\n   creating: CN-RKK-T1-3/downloads/\r\n   creating: CN-RKK-T1-3/downloads/CNRKT1311/\r\n   creating: CN-RKK-T1-3/downloads/CNRKT1311/CNRKT131/\r\n    linking: CN-RKK-T1-3/downloads/CNRKT1311/CNRKT131/mapping.json  -> /proj/bpas/cap_workspace-2.4/CN-RKK-T1-3/parsers/CNRKT131/mapping.json \r\n    linking: CN-RKK-T1-3/downloads/CNRKT1311/CNRKT131/parser.py  -> /proj/bpas/cap_workspace-2.4/CN-RKK-T1-3/parsers/CNRKT131/parser.py \r\n  inflating: CN-RKK-T1-3/downloads/CNRKT1311/cdp.js  \r\n   creating: CN-RKK-T1-3/downloads/CNRKT1311/downloads/\r\n  inflating: CN-RKK-T1-3/downloads/CNRKT1311/index.txt  \r\n extracting: CN-RKK-T1-3/downloads/CNRKT1311/options.json  \r\n extracting: CN-RKK-T1-3/downloads/CNRKT1311/result.txt  \r\n extracting: CN-RKK-T1-3/downloads/CNRKT1311/summary.txt  \r\n   creating: CN-RKK-T1-3/downloads/CNRKT1312/\r\n   creating: CN-RKK-T1-3/downloads/CNRKT1312/CNRKT131/\r\n    linking: CN-RKK-T1-3/downloads/CNRKT1312/CNRKT131/mapping.json  -> /proj/bpas/cap_workspace-2.4/CN-RKK-T1-3/parsers/CNRKT131/mapping.json \r\n    linking: CN-RKK-T1-3/downloads/CNRKT1312/CNRKT131/parser.py  -> /proj/bpas/cap_workspace-2.4/CN-RKK-T1-3/parsers/CNRKT131/parser.py \r\n  inflating: CN-RKK-T1-3/downloads/CNRKT1312/cdp.js  \r\n   creating: CN-RKK-T1-3/downloads/CNRKT1312/downloads/\r\n extracting: CN-RKK-T1-3/downloads/CNRKT1312/index.txt  \r\n extracting: CN-RKK-T1-3/downloads/CNRKT1312/options.json  \r\n extracting: CN-RKK-T1-3/downloads/CNRKT1312/result.txt  \r\n  inflating: CN-RKK-T1-3/downloads/CNRKT1312/summary.txt  \r\n   creating: CN-RKK-T1-3/downloads/CNRKT1313/\r\n   creating: CN-RKK-T1-3/downloads/CNRKT1313/CNRKT131/\r\n    linking: CN-RKK-T1-3/downloads/CNRKT1313/CNRKT131/mapping.json  -> /proj/bpas/cap_workspace-2.4/CN-RKK-T1-3/parsers/CNRKT131/mapping.json \r\n    linking: CN-RKK-T1-3/downloads/CNRKT1313/CNRKT131/parser.py  -> /proj/bpas/cap_workspace-2.4/CN-RKK-T1-3/parsers/CNRKT131/parser.py \r\n  inflating: CN-RKK-T1-3/downloads/CNRKT1313/cdp.js  \r\n   creating: CN-RKK-T1-3/downloads/CNRKT1313/downloads/\r\n extracting: CN-RKK-T1-3/downloads/CNRKT1313/index.txt  \r\n extracting: CN-RKK-T1-3/downloads/CNRKT1313/options.json  \r\n extracting: CN-RKK-T1-3/downloads/CNRKT1313/result.txt  \r\n  inflating: CN-RKK-T1-3/downloads/CNRKT1313/summary.txt  \r\n   creating: CN-RKK-T1-3/downloads/CNRKT131D1/\r\n   creating: CN-RKK-T1-3/downloads/CNRKT131D1/CNRKT131/\r\n    linking: CN-RKK-T1-3/downloads/CNRKT131D1/CNRKT131/mapping.json  -> /proj/bpas/cap_workspace-2.4/CN-RKK-T1-3/parsers/CNRKT131/mapping.json \r\n    linking: CN-RKK-T1-3/downloads/CNRKT131D1/CNRKT131/parser.py  -> /proj/bpas/cap_workspace-2.4/CN-RKK-T1-3/parsers/CNRKT131/parser.py \r\n   creating: CN-RKK-T1-3/downloads/CNRKT131D1/downloads/\r\n  inflating: CN-RKK-T1-3/downloads/CNRKT131D1/downloads/table21.20221020.html  \r\n  inflating: CN-RKK-T1-3/downloads/CNRKT131D1/downloads/table21.20221021.html  \r\n  inflating: CN-RKK-T1-3/downloads/CNRKT131D1/downloads/table21.20221022.html  \r\n  inflating: CN-RKK-T1-3/downloads/CNRKT131D1/downloads/table21.20221023.html  \r\n extracting: CN-RKK-T1-3/downloads/CNRKT131D1/index.txt  \r\n extracting: CN-RKK-T1-3/downloads/CNRKT131D1/options.json  \r\n  inflating: CN-RKK-T1-3/downloads/CNRKT131D1/pdp.py  \r\n   creating: CN-RKK-T1-3/downloads/CNRKT131D2/\r\n   creating: CN-RKK-T1-3/downloads/CNRKT131D2/CNRKT131/\r\n    linking: CN-RKK-T1-3/downloads/CNRKT131D2/CNRKT131/mapping.json  -> /proj/bpas/cap_workspace-2.4/CN-RKK-T1-3/parsers/CNRKT131/mapping.json \r\n    linking: CN-RKK-T1-3/downloads/CNRKT131D2/CNRKT131/parser.py  -> /proj/bpas/cap_workspace-2.4/CN-RKK-T1-3/parsers/CNRKT131/parser.py \r\n  inflating: CN-RKK-T1-3/downloads/CNRKT131D2/application_run.log  \r\n extracting: CN-RKK-T1-3/downloads/CNRKT131D2/arguments_log.txt  \r\n   creating: CN-RKK-T1-3/downloads/CNRKT131D2/downloads/\r\n   creating: CN-RKK-T1-3/downloads/CNRKT131D2/downloads/table53_2022-10-24/\r\n extracting: CN-RKK-T1-3/downloads/CNRKT131D2/index.txt  \r\n  inflating: CN-RKK-T1-3/downloads/CNRKT131D2/log.txt  \r\n  inflating: CN-RKK-T1-3/downloads/CNRKT131D2/nch.js  \r\n extracting: CN-RKK-T1-3/downloads/CNRKT131D2/options.json  \r\n  inflating: CN-RKK-T1-3/downloads/CNRKT131D2/rds_mysql.log  \r\n extracting: CN-RKK-T1-3/downloads/CNRKT131D2/runlog_errors.log  \r\n  inflating: CN-RKK-T1-3/downloads/CNRKT131D2/summary.txt  \r\n  inflating: CN-RKK-T1-3/parser_log.txt  \r\n   creating: CN-RKK-T1-3/parsers/\r\n   creating: CN-RKK-T1-3/parsers/CNRKT131/\r\n   creating: CN-RKK-T1-3/parsers/CNRKT131/CNRKT1311/\r\n    linking: CN-RKK-T1-3/parsers/CNRKT131/CNRKT1311/cdp.js  -> /proj/bpas/cap_workspace-2.4/CN-RKK-T1-3/downloads/CNRKT1311/cdp.js \r\n  inflating: CN-RKK-T1-3/parsers/CNRKT131/CNRKT1311/downloads  -> /proj/bpas/cap_workspace-2.4/CN-RKK-T1-3/downloads/CNRKT1311/downloads \r\n   creating: CN-RKK-T1-3/parsers/CNRKT131/CNRKT1312/\r\n    linking: CN-RKK-T1-3/parsers/CNRKT131/CNRKT1312/cdp.js  -> /proj/bpas/cap_workspace-2.4/CN-RKK-T1-3/downloads/CNRKT1312/cdp.js \r\n  inflating: CN-RKK-T1-3/parsers/CNRKT131/CNRKT1312/downloads  -> /proj/bpas/cap_workspace-2.4/CN-RKK-T1-3/downloads/CNRKT1312/downloads \r\n   creating: CN-RKK-T1-3/parsers/CNRKT131/CNRKT1313/\r\n    linking: CN-RKK-T1-3/parsers/CNRKT131/CNRKT1313/cdp.js  -> /proj/bpas/cap_workspace-2.4/CN-RKK-T1-3/downloads/CNRKT1313/cdp.js \r\n  inflating: CN-RKK-T1-3/parsers/CNRKT131/CNRKT1313/downloads  -> /proj/bpas/cap_workspace-2.4/CN-RKK-T1-3/downloads/CNRKT1313/downloads \r\n   creating: CN-RKK-T1-3/parsers/CNRKT131/CNRKT131D1/\r\n    linking: CN-RKK-T1-3/parsers/CNRKT131/CNRKT131D1/cdp.js  -> /proj/bpas/cap_workspace-2.4/CN-RKK-T1-3/downloads/CNRKT131D1/cdp.js \r\n  inflating: CN-RKK-T1-3/parsers/CNRKT131/CNRKT131D1/downloads  -> /proj/bpas/cap_workspace-2.4/CN-RKK-T1-3/downloads/CNRKT131D1/downloads \r\n   creating: CN-RKK-T1-3/parsers/CNRKT131/CNRKT131D2/\r\n  inflating: CN-RKK-T1-3/parsers/CNRKT131/CNRKT131D2/downloads  -> /proj/bpas/cap_workspace-2.4/CN-RKK-T1-3/downloads/CNRKT131D2/downloads \r\n    linking: CN-RKK-T1-3/parsers/CNRKT131/CNRKT131D2/nch.js  -> /proj/bpas/cap_workspace-2.4/CN-RKK-T1-3/downloads/CNRKT131D2/nch.js \r\n   creating: CN-RKK-T1-3/parsers/CNRKT131/__pycache__/\r\n  inflating: CN-RKK-T1-3/parsers/CNRKT131/__pycache__/parser.cpython-37.pyc  \r\n  inflating: CN-RKK-T1-3/parsers/CNRKT131/mapping.json  \r\n  inflating: CN-RKK-T1-3/parsers/CNRKT131/metadata.json  \r\n  inflating: CN-RKK-T1-3/parsers/CNRKT131/parser.py  \r\n  inflating: CN-RKK-T1-3/series.db   \r\n  inflating: CN-RKK-T1-3/summary.json  \r\nfinishing deferred symbolic links:\r\n  CN-RKK-T1-3/downloads/CNRKT1311/CNRKT131/mapping.json -> /proj/bpas/cap_workspace-2.4/CN-RKK-T1-3/parsers/CNRKT131/mapping.json\r\n  CN-RKK-T1-3/downloads/CNRKT1311/CNRKT131/parser.py -> /proj/bpas/cap_workspace-2.4/CN-RKK-T1-3/parsers/CNRKT131/parser.py\r\n  CN-RKK-T1-3/downloads/CNRKT1312/CNRKT131/mapping.json -> /proj/bpas/cap_workspace-2.4/CN-RKK-T1-3/parsers/CNRKT131/mapping.json\r\n  CN-RKK-T1-3/downloads/CNRKT1312/CNRKT131/parser.py -> /proj/bpas/cap_workspace-2.4/CN-RKK-T1-3/parsers/CNRKT131/parser.py\r\n  CN-RKK-T1-3/downloads/CNRKT1313/CNRKT131/mapping.json -> /proj/bpas/cap_workspace-2.4/CN-RKK-T1-3/parsers/CNRKT131/mapping.json\r\n  CN-RKK-T1-3/downloads/CNRKT1313/CNRKT131/parser.py -> /proj/bpas/cap_workspace-2.4/CN-RKK-T1-3/parsers/CNRKT131/parser.py\r\n  CN-RKK-T1-3/downloads/CNRKT131D1/CNRKT131/mapping.json -> /proj/bpas/cap_workspace-2.4/CN-RKK-T1-3/parsers/CNRKT131/mapping.json\r\n  CN-RKK-T1-3/downloads/CNRKT131D1/CNRKT131/parser.py -> /proj/bpas/cap_workspace-2.4/CN-RKK-T1-3/parsers/CNRKT131/parser.py\r\n  CN-RKK-T1-3/downloads/CNRKT131D2/CNRKT131/mapping.json -> /proj/bpas/cap_workspace-2.4/CN-RKK-T1-3/parsers/CNRKT131/mapping.json\r\n  CN-RKK-T1-3/downloads/CNRKT131D2/CNRKT131/parser.py -> /proj/bpas/cap_workspace-2.4/CN-RKK-T1-3/parsers/CNRKT131/parser.py\r\n  CN-RKK-T1-3/parsers/CNRKT131/CNRKT1311/cdp.js -> /proj/bpas/cap_workspace-2.4/CN-RKK-T1-3/downloads/CNRKT1311/cdp.js\r\n  CN-RKK-T1-3/parsers/CNRKT131/CNRKT1311/downloads -> /proj/bpas/cap_workspace-2.4/CN-RKK-T1-3/downloads/CNRKT1311/downloads\r\n  CN-RKK-T1-3/parsers/CNRKT131/CNRKT1312/cdp.js -> /proj/bpas/cap_workspace-2.4/CN-RKK-T1-3/downloads/CNRKT1312/cdp.js\r\n  CN-RKK-T1-3/parsers/CNRKT131/CNRKT1312/downloads -> /proj/bpas/cap_workspace-2.4/CN-RKK-T1-3/downloads/CNRKT1312/downloads\r\n  CN-RKK-T1-3/parsers/CNRKT131/CNRKT1313/cdp.js -> /proj/bpas/cap_workspace-2.4/CN-RKK-T1-3/downloads/CNRKT1313/cdp.js\r\n  CN-RKK-T1-3/parsers/CNRKT131/CNRKT1313/downloads -> /proj/bpas/cap_workspace-2.4/CN-RKK-T1-3/downloads/CNRKT1313/downloads\r\n  CN-RKK-T1-3/parsers/CNRKT131/CNRKT131D1/cdp.js -> /proj/bpas/cap_workspace-2.4/CN-RKK-T1-3/downloads/CNRKT131D1/cdp.js\r\n  CN-RKK-T1-3/parsers/CNRKT131/CNRKT131D1/downloads -> /proj/bpas/cap_workspace-2.4/CN-RKK-T1-3/downloads/CNRKT131D1/downloads\r\n  CN-RKK-T1-3/parsers/CNRKT131/CNRKT131D2/downloads -> /proj/bpas/cap_workspace-2.4/CN-RKK-T1-3/downloads/CNRKT131D2/downloads\r\n  CN-RKK-T1-3/parsers/CNRKT131/CNRKT131D2/nch.js -> /proj/bpas/cap_workspace-2.4/CN-RKK-T1-3/downloads/CNRKT131D2/nch.js\r\nextract: 'source_files.zip' is not a valid file\r\nhttps://bpa.vpc.ceicdata.com:8884/automations/mappings?automation_id=CN-RKK-T1-3&pub_code=CNRKKT13\r\nconvert /home/cap/workspace/eloco/temp/CN-RKK-T1-3/Mapping_CN-RKK-T1-3.xls -> /home/cap/workspace/eloco/temp/CN-RKK-T1-3/Mapping_CN-RKK-T1-3.xlsx using filter : Calc Office Open XML\r\nCPY VERSION: 2.4\r\nStarting tool: run\r\n['/proj/bpas/dev/cpy-2.4/bin/cap', 'run', '-cap_names', '-cdp_wdp', '-run_in_parallel', '-additional_arguments', '--keep_index']\r\n\u001b[36m[info]\u001b[0m [phantom] Starting...\r\n\u001b[36m[info]\u001b[0m [phantom] Execution timeout set to 7200000ms\r\n\u001b[36m[info]\u001b[0m [genie] No filter match for table15.html\r\n\u001b[36m[info]\u001b[0m [genie] No filter match for table1_new.html\r\n\u001b[36m[info]\u001b[0m [cdp] VERSION: 1.3\r\n\u001b[36m[info]\u001b[0m [phantom] Running suite: 10 steps\r\n\u001b[32;1m[debug]\u001b[0m [phantom] Successfully injected Casper client-side utilities\r\n\u001b[36m[info]\u001b[0m [phantom] Step handleRequestLists 1/10: done in 48ms.\r\n\u001b[36m[info]\u001b[0m [phantom] Step resetCurrentArgs 2/10: done in 65ms.\r\n\u001b[36m[info]\u001b[0m [phantom] Step setCurrentFile 3/10: done in 97ms.\r\n\u001b[36m[info]\u001b[0m [phantom] Step currentArgsForEach 4/10: done in 119ms.\r\n\u001b[36m[info]\u001b[0m [phantom] Step setCurrentArg 5/20: done in 137ms.\r\n\u001b[32;1m[debug]\u001b[0m [genie] Stopping errors\r\n\u001b[36m[info]\u001b[0m [phantom] Step stopErrors 6/20: done in 158ms.\r\n\u001b[36m[info]\u001b[0m [phantom] Step setCurrentFile 7/20: done in 177ms.\r\n\u001b[32;1m[debug]\u001b[0m [genie] Starting download steps for file table15.html\r\n\u001b[36m[info]\u001b[0m [phantom] Step setDownload 8/20: done in 198ms.\r\n\u001b[36m[info]\u001b[0m [phantom] Step setCurrentFile 9/21: done in 218ms.\r\n\u001b[32;1m[debug]\u001b[0m [phantom] opening url: http://data.fz0752.com/chart/housedeal.shtml, HTTP GET\r\n\u001b[32;1m[debug]\u001b[0m [phantom] Navigation requested: url=http://data.fz0752.com/chart/housedeal.shtml, type=Other, willNavigate=true, isMainFrame=true\r\n\u001b[36m[info]\u001b[0m [phantom] Starting...\r\n\u001b[36m[info]\u001b[0m [phantom] Execution timeout set to 7200000ms\r\n\u001b[36m[info]\u001b[0m [genie] No filter match for table26_.html\r\n\u001b[32;1m[debug]\u001b[0m [genie] Arguments generator function found\r\n\u001b[36m[info]\u001b[0m [cdp] VERSION: 1.3\r\n\u001b[36m[info]\u001b[0m [phantom] Running suite: 11 steps\r\n\u001b[36m[info]\u001b[0m [phantom] Starting...\r\n\u001b[36m[info]\u001b[0m [phantom] Execution timeout set to 7200000ms\r\n\u001b[36m[info]\u001b[0m [genie] No filter match for table32.html\r\n\u001b[36m[info]\u001b[0m [genie] No filter match for table38.html\r\n\u001b[36m[info]\u001b[0m [genie] No filter match for table4_new.html\r\n\u001b[36m[info]\u001b[0m [genie] No filter match for table50.html\r\n\u001b[36m[info]\u001b[0m [cdp] VERSION: 1.3\r\n\u001b[36m[info]\u001b[0m [phantom] Running suite: 14 steps\r\n\u001b[32;1m[debug]\u001b[0m [phantom] Successfully injected Casper client-side utilities\r\n\u001b[36m[info]\u001b[0m [phantom] Step handleRequestLists 1/11: done in 30ms.\r\n\u001b[32;1m[debug]\u001b[0m [phantom] Successfully injected Casper client-side utilities\r\n\u001b[36m[info]\u001b[0m [phantom] Step resetCurrentArgs 1/14: done in 28ms.\r\n\u001b[36m[info]\u001b[0m [phantom] Step resetCurrentArgs 2/11: done in 47ms.\r\n\u001b[36m[info]\u001b[0m [phantom] Step setCurrentFile 2/14: done in 45ms.\r\n\u001b[36m[info]\u001b[0m [phantom] Step setCurrentFile 3/11: done in 77ms.\r\n\u001b[36m[info]\u001b[0m [phantom] Step currentArgsForEach 3/14: done in 67ms.\r\n\u001b[32;1m[debug]\u001b[0m [genie] Stopping errors\r\n\u001b[36m[info]\u001b[0m [phantom] Step stopErrors 4/11: done in 99ms.\r\n\u001b[36m[info]\u001b[0m [phantom] Step setCurrentArg 4/26: done in 86ms.\r\n\u001b[36m[info]\u001b[0m [phantom] Step callFileArgen 5/11: done in 117ms.\r\n\u001b[32;1m[debug]\u001b[0m [genie] Stopping errors\r\n\u001b[36m[info]\u001b[0m [phantom] Step stopErrors 5/26: done in 107ms.\r\n\u001b[32;1m[debug]\u001b[0m [phantom] opening url: http://61.143.241.154/NewFQTJ_more.aspx, HTTP GET\r\n\u001b[32;1m[debug]\u001b[0m [phantom] Navigation requested: url=http://61.143.241.154/NewFQTJ_more.aspx, type=Other, willNavigate=true, isMainFrame=true\r\n\u001b[36m[info]\u001b[0m [phantom] Step setCurrentFile 6/26: done in 126ms.\r\n\u001b[32;1m[debug]\u001b[0m [genie] Starting download steps for file table32.html\r\n\u001b[36m[info]\u001b[0m [phantom] Step setDownload 7/26: done in 147ms.\r\n[2022-10-24 02:01:01,676][copperfield_run][INFO][bpas-dev] Copperfield_run is started for CNRKT131D2!\r\n[2022-10-24 02:01:01,676][copperfield_run][INFO][bpas-dev] Input queue: DMP-WDP-IN\r\n[2022-10-24 02:01:01,677][copperfield_run][INFO][bpas-dev] Output queue: DMP-WDP-OUT\r\n[2022-10-24 02:01:01,677][copperfield_run][INFO][bpas-dev] S3 Bucket: bpa-devsource\r\n[2022-10-24 02:01:01,677][copperfield_run][INFO][bpas-dev] Environment: bpas\r\n[2022-10-24 02:01:01,677][copperfield_run][INFO][bpas-dev] Copperfield version: 2.15.2\r\n[2022-10-24 02:01:01,677][copperfield_run][INFO][bpas-dev] Connecting to aws\r\n[2022-10-24 02:01:01,677][copperfield_run][INFO][bpas-dev] {\"sqs-sent\": \"2022-10-24 02:01:01\", \"wdp-type\": \"NCH\", \"timeout\": 9000, \"business\": \"ceic\", \"asap\": 0, \"inbox-id\": \"CN-RKK-T1-3\", \"args\": \"CN-RKK-T1-3\", \"wdp-id\": \"CNRKT131D2\"}\r\n\u001b[36m[info]\u001b[0m [phantom] Step setCurrentFile 8/27: done in 166ms.\r\n\u001b[32;1m[debug]\u001b[0m [phantom] opening url: https://xz.newhouse.fang.com/house/lskd/12193/, HTTP GET\r\n\u001b[32;1m[debug]\u001b[0m [phantom] Navigation requested: url=https://xz.newhouse.fang.com/house/lskd/12193/, type=Other, willNavigate=true, isMainFrame=true\r\n[2022-10-24 02:01:01,905][copperfield_run][INFO][bpas-dev] Message was sent\r\n[2022-10-24 02:01:01,906][copperfield_run][INFO][bpas-dev] Receiving output for message with id=6c8dc5ee3171af84c752e7eb633ddf369715308b001eab8328462911d034cafd9544b565298583b798221f081908b761b2380b2226445dff63a6bbcc25095d0c:\r\n[2022-10-24 02:01:01,910][rds_connection][INFO][bpas-dev] Output filename: None\r\n\u001b[32;1m[debug]\u001b[0m [phantom] Navigation requested: url=https://www.fz0752.com/chart/housedeal.shtml, type=Other, willNavigate=true, isMainFrame=true\r\n\r\n[running]: `table21.20221023.html` re-running times: 1\r\nhttps://www.njhouse.com.cn/include/everyday/2022/dist20221023.htm\r\n[running]: `table21.20221023.html` status_code: 200 request_time: 1.1s\r\n\r\n[running]: `table21.20221020.html` re-running times: 1\r\nhttps://www.njhouse.com.cn/include/everyday/2022/dist20221020.htm\r\n[running]: `table21.20221020.html` status_code: 200 request_time: 1.1s\r\n\r\n[running]: `table21.20221022.html` re-running times: 1\r\nhttps://www.njhouse.com.cn/include/everyday/2022/dist20221022.htm\r\n[running]: `table21.20221022.html` status_code: 200 request_time: 1.2s\r\n\r\n[running]: `table21.20221021.html` re-running times: 1\r\nhttps://www.njhouse.com.cn/include/everyday/2022/dist20221021.htm\r\n[running]: `table21.20221021.html` status_code: 200 request_time: 1.3s\r\nExtracting archives: /proj/bpas/cap_workspace-2.4/CN-RKK-T1-3/downloads/CNRKT131D1/downloads\r\n\u001b[32;1m[debug]\u001b[0m [phantom] url changed to \"https://www.fz0752.com/chart/housedeal.shtml\"\r\n\u001b[36m[info]\u001b[0m [phantom]  SKIPPED: https://www.fz0752.com/resource/bootstrap/css/font-awesome-ie7.min.css\r\n\u001b[36m[info]\u001b[0m [phantom]  SKIPPED: https://www.fz0752.com/resource/bootstrap/css/bootstrap-ie78.css\r\n\u001b[36m[info]\u001b[0m [phantom]  SKIPPED: https://www.fz0752.com/resource/bootstrap337/css/bootstrap.min.css\r\n\u001b[36m[info]\u001b[0m [phantom]  SKIPPED: https://www.fz0752.com/fontHtml/css/main.css?version=1.0\r\n\u001b[36m[info]\u001b[0m [phantom]  SKIPPED: https://www.fz0752.com/fontHtml/css/form-query.css?version=1.0\r\n\u001b[36m[info]\u001b[0m [phantom]  SKIPPED: https://www.fz0752.com/fontHtml/components/css/responsive.css\r\n\u001b[36m[info]\u001b[0m [phantom]  SKIPPED: https://www.fz0752.com/fontHtml/jygs/css/jygs.css\r\n\u001b[32;1m[debug]\u001b[0m [phantom] Navigation requested: url=https://xz.newhouse.fang.com/newblog/, type=Other, willNavigate=true, isMainFrame=true\r\n[2022-10-24 02:01:03,913][rds_connection][INFO][bpas-dev] Output filename: None\r\n\u001b[32;1m[debug]\u001b[0m [phantom] url changed to \"https://xz.newhouse.fang.com/newblog/\"\r\n\u001b[36m[info]\u001b[0m [phantom]  SKIPPED: https://www.fz0752.com/fontHtml/js/My97DatePicker/skin/WdatePicker.css\r\n\u001b[36m[info]\u001b[0m [phantom]  SKIPPED: https://www.fz0752.com/fontHtml/images/logo.gif\r\n\u001b[36m[info]\u001b[0m [phantom]  SKIPPED: https://www.fz0752.com/fontHtml/images/clock.png\r\n\u001b[36m[info]\u001b[0m [phantom]  SKIPPED: https://www.fz0752.com/fontHtml/images/wechat_footer.jpg\r\n\u001b[36m[info]\u001b[0m [phantom]  SKIPPED: https://www.fz0752.com/fontHtml/images/WAP_footer.png\r\n[2022-10-24 02:01:05,916][rds_connection][INFO][bpas-dev] Output filename: None\r\n[2022-10-24 02:01:07,929][rds_connection][INFO][bpas-dev] Output filename: None\r\n\u001b[32;1m[debug]\u001b[0m [phantom] Automatically injected /proj/bpas/dev/casperjs-1.3/modules/jquery.js client side\r\n\u001b[32;1m[debug]\u001b[0m [phantom] Automatically injected /proj/bpas/dev/casperjs-1.3/modules/jquery.xpath.js client side\r\n\u001b[32;1m[debug]\u001b[0m [phantom] Automatically injected /proj/bpas/dev/casperjs-1.3/modules/jquery.expath.js client side\r\n\u001b[32;1m[debug]\u001b[0m [phantom] Successfully injected Casper client-side utilities\r\n\u001b[36m[info]\u001b[0m [phantom] Step _step 10/27 https://xz.newhouse.fang.com/newblog/ (HTTP 200)\r\n\u001b[36m[info]\u001b[0m [phantom] Step _step 10/27: done in 7206ms.\r\n[2022-10-24 02:01:09,934][rds_connection][INFO][bpas-dev] Output filename: None\r\n[2022-10-24 02:01:11,954][rds_connection][INFO][bpas-dev] Output filename: None\r\n[2022-10-24 02:01:13,977][rds_connection][INFO][bpas-dev] Output filename: None\r\n[2022-10-24 02:01:15,979][rds_connection][INFO][bpas-dev] Output filename: None\r\n[2022-10-24 02:01:17,983][rds_connection][INFO][bpas-dev] Output filename: None\r\n[2022-10-24 02:01:19,986][rds_connection][INFO][bpas-dev] Output filename: None\r\n[2022-10-24 02:01:21,990][rds_connection][INFO][bpas-dev] Output filename: None\r\n\u001b[36m[info]\u001b[0m [phantom] wait() finished waiting for 15000ms.\r\n\u001b[36m[info]\u001b[0m [phantom] Step anonymous 11/27 https://xz.newhouse.fang.com/newblog/ (HTTP 200)\r\n\u001b[36m[info]\u001b[0m [phantom] Step anonymous 11/27: done in 22217ms.\r\n\u001b[36m[info]\u001b[0m [phantom] Step _step 12/31 https://xz.newhouse.fang.com/newblog/ (HTTP 200)\r\n\u001b[36m[info]\u001b[0m [phantom] Step _step 12/31: done in 22237ms.\r\n\u001b[36m[info]\u001b[0m [phantom] Step _step 13/31 https://xz.newhouse.fang.com/newblog/ (HTTP 200)\r\n\u001b[36m[info]\u001b[0m [phantom] Step _step 13/31: done in 22255ms.\r\n[2022-10-24 02:01:23,993][rds_connection][INFO][bpas-dev] Output filename: None\r\n\u001b[36m[info]\u001b[0m [phantom] wait() finished waiting for 250ms.\r\n\u001b[36m[info]\u001b[0m [phantom] Step _step 14/31 https://xz.newhouse.fang.com/newblog/ (HTTP 200)\r\n\u001b[36m[info]\u001b[0m [phantom] Step _step 14/31: done in 22515ms.\r\n[2022-10-24 02:01:25,997][rds_connection][INFO][bpas-dev] Output filename: None\r\n[2022-10-24 02:01:28,000][rds_connection][INFO][bpas-dev] Output filename: None\r\n[2022-10-24 02:01:30,016][rds_connection][INFO][bpas-dev] Output filename: None\r\n[2022-10-24 02:01:32,019][rds_connection][INFO][bpas-dev] Output filename: None\r\n[2022-10-24 02:01:34,032][rds_connection][INFO][bpas-dev] Output filename: None\r\n[2022-10-24 02:01:36,035][rds_connection][INFO][bpas-dev] Output filename: None\r\n[2022-10-24 02:01:38,039][rds_connection][INFO][bpas-dev] Output filename: None\r\n[2022-10-24 02:01:40,055][rds_connection][INFO][bpas-dev] Output filename: None\r\n[2022-10-24 02:01:42,058][rds_connection][INFO][bpas-dev] Output filename: None\r\n[2022-10-24 02:01:44,063][rds_connection][INFO][bpas-dev] Output filename: None\r\n[2022-10-24 02:01:46,068][rds_connection][INFO][bpas-dev] Output filename: None\r\n[2022-10-24 02:01:48,072][rds_connection][INFO][bpas-dev] Output filename: None\r\n[2022-10-24 02:01:50,075][rds_connection][INFO][bpas-dev] Output filename: None\r\n[2022-10-24 02:01:52,078][rds_connection][INFO][bpas-dev] Output filename: None\r\n[2022-10-24 02:01:54,082][rds_connection][INFO][bpas-dev] Output filename: None\r\n[2022-10-24 02:01:56,087][rds_connection][INFO][bpas-dev] Output filename: None\r\n[2022-10-24 02:01:58,092][rds_connection][INFO][bpas-dev] Output filename: None\r\n[2022-10-24 02:02:00,140][rds_connection][INFO][bpas-dev] Output filename: None\r\n\u001b[33m[warning]\u001b[0m [phantom] Loading resource failed with status=fail: http://61.143.241.154/NewFQTJ_more.aspx\r\n\u001b[32;1m[debug]\u001b[0m [phantom] Automatically injected /proj/bpas/dev/casperjs-1.3/modules/jquery.js client side\r\n\u001b[32;1m[debug]\u001b[0m [phantom] Automatically injected /proj/bpas/dev/casperjs-1.3/modules/jquery.xpath.js client side\r\n\u001b[32;1m[debug]\u001b[0m [phantom] Automatically injected /proj/bpas/dev/casperjs-1.3/modules/jquery.expath.js client side\r\n\u001b[36m[info]\u001b[0m [phantom] Step _step 7/15: done in 60227ms.\r\n[2022-10-24 02:02:02,143][rds_connection][INFO][bpas-dev] Output filename: None\r\n\u001b[36m[info]\u001b[0m [phantom] wait() finished waiting for 2000ms.\r\n\u001b[36m[info]\u001b[0m [phantom] Step anonymous 8/15: done in 62242ms.\r\n\u001b[36m[info]\u001b[0m [phantom] Step _step 9/15: done in 62260ms.\r\n[2022-10-24 02:02:04,147][rds_connection][INFO][bpas-dev] Output filename: None\r\n\u001b[36m[info]\u001b[0m [phantom] wait() finished waiting for 2000ms.\r\n\u001b[36m[info]\u001b[0m [phantom] Step callFileArgenResultFunction 10/15: done in 64282ms.\r\n\u001b[32;1m[debug]\u001b[0m [genie] Enabling errors\r\n\u001b[36m[info]\u001b[0m [phantom] Step enableErrors 11/15: done in 64303ms.\r\n\u001b[36m[info]\u001b[0m [phantom] Step manageRetries 12/15: done in 64322ms.\r\n2022-10-23\r\n2022-10-22\r\n2022-10-21\r\n2022-10-20\r\n2022-10-19\r\n\u001b[36m[info]\u001b[0m [phantom] Step currentArgsForEach 13/15: done in 64344ms.\r\n\u001b[36m[info]\u001b[0m [phantom] Step setCurrentArg 14/80: done in 64362ms.\r\n\u001b[32;1m[debug]\u001b[0m [genie] Stopping errors\r\n\u001b[36m[info]\u001b[0m [phantom] Step stopErrors 15/80: done in 64382ms.\r\n\u001b[36m[info]\u001b[0m [phantom] Step setCurrentFile 16/80: done in 64402ms.\r\n\u001b[32;1m[debug]\u001b[0m [genie] Starting download steps for file table26_.html\r\n\u001b[36m[info]\u001b[0m [phantom] Step setDownload 17/80: done in 64423ms.\r\n\u001b[36m[info]\u001b[0m [phantom] Step setCurrentFile 18/81: done in 64442ms.\r\n\u001b[37;41;1m[error]\u001b[0m [genie] Step error: CasperError: Cannot get informations from xpath selector: .//*[@id='input1']: element not found. \r\n\u001b[37;41;1m[error]\u001b[0m [genie] Bypassing 4 steps, due to error!\r\n\u001b[36m[info]\u001b[0m [phantom] Step anonymous 19/81: done in 64463ms.\r\n\u001b[36m[info]\u001b[0m [phantom] Step _thenBypass 20/82: done in 64482ms.\r\n\u001b[32;1m[debug]\u001b[0m [genie] Finished steps for file table26_2022-10-23.html\r\n\u001b[33m[warning]\u001b[0m [genie] No download initiated, but error found. Doing nothing\r\n\u001b[36m[info]\u001b[0m [phantom] Step finishDownload 25/82: done in 64502ms.\r\n\u001b[32;1m[debug]\u001b[0m [genie] Enabling errors\r\n\u001b[36m[info]\u001b[0m [phantom] Step enableErrors 26/82: done in 64522ms.\r\n\u001b[36m[info]\u001b[0m [phantom] Step anonymous 27/82: done in 64542ms.\r\n\u001b[33m[warning]\u001b[0m [genie] Retrying steps for file table26_.html because error was found\r\n2022-10-23\r\n\u001b[36m[info]\u001b[0m [phantom] Step manageRetries 28/82: done in 64562ms.\r\n\u001b[32;1m[debug]\u001b[0m [genie] Stopping errors\r\n\u001b[36m[info]\u001b[0m [phantom] Step stopErrors 29/94: done in 64582ms.\r\n\u001b[36m[info]\u001b[0m [phantom] Step setCurrentFile 30/94: done in 64602ms.\r\n\u001b[32;1m[debug]\u001b[0m [genie] Starting download steps for file table26_.html\r\n\u001b[36m[info]\u001b[0m [phantom] Step setDownload 31/94: done in 64623ms.\r\n\u001b[36m[info]\u001b[0m [phantom] Step setCurrentFile 32/95: done in 64642ms.\r\n[2022-10-24 02:02:06,150][rds_connection][INFO][bpas-dev] Output filename: None\r\n\u001b[37;41;1m[error]\u001b[0m [genie] Step error: CasperError: Cannot get informations from xpath selector: .//*[@id='input1']: element not found. \r\n\u001b[37;41;1m[error]\u001b[0m [genie] Bypassing 4 steps, due to error!\r\n\u001b[36m[info]\u001b[0m [phantom] Step anonymous 33/95: done in 64663ms.\r\n\u001b[36m[info]\u001b[0m [phantom] Step _thenBypass 34/96: done in 64682ms.\r\n\u001b[32;1m[debug]\u001b[0m [genie] Finished steps for file table26_2022-10-23.html\r\n\u001b[33m[warning]\u001b[0m [genie] No download initiated, but error found. Doing nothing\r\n\u001b[36m[info]\u001b[0m [phantom] Step finishDownload 39/96: done in 64702ms.\r\n\u001b[32;1m[debug]\u001b[0m [genie] Enabling errors\r\n\u001b[36m[info]\u001b[0m [phantom] Step enableErrors 40/96: done in 64722ms.\r\n\u001b[36m[info]\u001b[0m [phantom] Step anonymous 41/96: done in 64742ms.\r\n\u001b[33m[warning]\u001b[0m [genie] Retrying steps for file table26_.html because error was found\r\n2022-10-23\r\n\u001b[36m[info]\u001b[0m [phantom] Step manageRetries 42/96: done in 64763ms.\r\n\u001b[32;1m[debug]\u001b[0m [genie] Stopping errors\r\n\u001b[36m[info]\u001b[0m [phantom] Step stopErrors 43/108: done in 64783ms.\r\n\u001b[36m[info]\u001b[0m [phantom] Step setCurrentFile 44/108: done in 64802ms.\r\n\u001b[32;1m[debug]\u001b[0m [genie] Starting download steps for file table26_.html\r\n\u001b[36m[info]\u001b[0m [phantom] Step setDownload 45/108: done in 64823ms.\r\n\u001b[36m[info]\u001b[0m [phantom] Step setCurrentFile 46/109: done in 64842ms.\r\n\u001b[37;41;1m[error]\u001b[0m [genie] Step error: CasperError: Cannot get informations from xpath selector: .//*[@id='input1']: element not found. \r\n\u001b[37;41;1m[error]\u001b[0m [genie] Bypassing 4 steps, due to error!\r\n\u001b[36m[info]\u001b[0m [phantom] Step anonymous 47/109: done in 64863ms.\r\n\u001b[36m[info]\u001b[0m [phantom] Step _thenBypass 48/110: done in 64882ms.\r\n\u001b[32;1m[debug]\u001b[0m [genie] Finished steps for file table26_2022-10-23.html\r\n\u001b[33m[warning]\u001b[0m [genie] No download initiated, but error found. Doing nothing\r\n\u001b[36m[info]\u001b[0m [phantom] Step finishDownload 53/110: done in 64903ms.\r\n\u001b[32;1m[debug]\u001b[0m [genie] Enabling errors\r\n\u001b[36m[info]\u001b[0m [phantom] Step enableErrors 54/110: done in 64922ms.\r\n\u001b[36m[info]\u001b[0m [phantom] Step anonymous 55/110: done in 64942ms.\r\n\u001b[33m[warning]\u001b[0m [genie] Retrying steps for file table26_.html because error was found\r\n2022-10-23\r\n\u001b[36m[info]\u001b[0m [phantom] Step manageRetries 56/110: done in 64962ms.\r\n\u001b[32;1m[debug]\u001b[0m [genie] Stopping errors\r\n\u001b[36m[info]\u001b[0m [phantom] Step stopErrors 57/122: done in 64982ms.\r\n\u001b[36m[info]\u001b[0m [phantom] Step setCurrentFile 58/122: done in 65002ms.\r\n\u001b[32;1m[debug]\u001b[0m [genie] Starting download steps for file table26_.html\r\n\u001b[36m[info]\u001b[0m [phantom] Step setDownload 59/122: done in 65023ms.\r\n\u001b[36m[info]\u001b[0m [phantom] Step setCurrentFile 60/123: done in 65042ms.\r\n\u001b[37;41;1m[error]\u001b[0m [genie] Step error: CasperError: Cannot get informations from xpath selector: .//*[@id='input1']: element not found. \r\n\u001b[37;41;1m[error]\u001b[0m [genie] Bypassing 4 steps, due to error!\r\n\u001b[36m[info]\u001b[0m [phantom] Step anonymous 61/123: done in 65063ms.\r\n\u001b[36m[info]\u001b[0m [phantom] Step _thenBypass 62/124: done in 65082ms.\r\n\u001b[32;1m[debug]\u001b[0m [genie] Finished steps for file table26_2022-10-23.html\r\n\u001b[33m[warning]\u001b[0m [genie] No download initiated, but error found. Doing nothing\r\n\u001b[36m[info]\u001b[0m [phantom] Step finishDownload 67/124: done in 65102ms.\r\n\u001b[32;1m[debug]\u001b[0m [genie] Enabling errors\r\n\u001b[36m[info]\u001b[0m [phantom] Step enableErrors 68/124: done in 65122ms.\r\n\u001b[36m[info]\u001b[0m [phantom] Step anonymous 69/124: done in 65142ms.\r\n\u001b[33m[warning]\u001b[0m [genie] Retrying steps for file table26_.html because error was found\r\n2022-10-23\r\n\u001b[36m[info]\u001b[0m [phantom] Step manageRetries 70/124: done in 65163ms.\r\n\u001b[32;1m[debug]\u001b[0m [genie] Stopping errors\r\n\u001b[36m[info]\u001b[0m [phantom] Step stopErrors 71/136: done in 65182ms.\r\n\u001b[36m[info]\u001b[0m [phantom] Step setCurrentFile 72/136: done in 65202ms.\r\n\u001b[32;1m[debug]\u001b[0m [genie] Starting download steps for file table26_.html\r\n\u001b[36m[info]\u001b[0m [phantom] Step setDownload 73/136: done in 65223ms.\r\n\u001b[36m[info]\u001b[0m [phantom] Step setCurrentFile 74/137: done in 65242ms.\r\n\u001b[37;41;1m[error]\u001b[0m [genie] Step error: CasperError: Cannot get informations from xpath selector: .//*[@id='input1']: element not found. \r\n\u001b[37;41;1m[error]\u001b[0m [genie] Bypassing 4 steps, due to error!\r\n\u001b[36m[info]\u001b[0m [phantom] Step anonymous 75/137: done in 65263ms.\r\n\u001b[36m[info]\u001b[0m [phantom] Step _thenBypass 76/138: done in 65282ms.\r\n\u001b[32;1m[debug]\u001b[0m [genie] Finished steps for file table26_2022-10-23.html\r\n\u001b[33m[warning]\u001b[0m [genie] No download initiated, but error found. Doing nothing\r\n\u001b[36m[info]\u001b[0m [phantom] Step finishDownload 81/138: done in 65303ms.\r\n\u001b[32;1m[debug]\u001b[0m [genie] Enabling errors\r\n\u001b[36m[info]\u001b[0m [phantom] Step enableErrors 82/138: done in 65322ms.\r\n\u001b[36m[info]\u001b[0m [phantom] Step anonymous 83/138: done in 65342ms.\r\n\u001b[33m[warning]\u001b[0m [genie] Retrying steps for file table26_.html because error was found\r\n2022-10-23\r\n\u001b[36m[info]\u001b[0m [phantom] Step manageRetries 84/138: done in 65363ms.\r\n\u001b[32;1m[debug]\u001b[0m [genie] Stopping errors\r\n\u001b[36m[info]\u001b[0m [phantom] Step stopErrors 85/150: done in 65383ms.\r\n\u001b[36m[info]\u001b[0m [phantom] Step setCurrentFile 86/150: done in 65403ms.\r\n\u001b[32;1m[debug]\u001b[0m [genie] Starting download steps for file table26_.html\r\n\u001b[36m[info]\u001b[0m [phantom] Step setDownload 87/150: done in 65423ms.\r\n\u001b[36m[info]\u001b[0m [phantom] Step setCurrentFile 88/151: done in 65443ms.\r\n\u001b[37;41;1m[error]\u001b[0m [genie] Step error: CasperError: Cannot get informations from xpath selector: .//*[@id='input1']: element not found. \r\n\u001b[37;41;1m[error]\u001b[0m [genie] Bypassing 4 steps, due to error!\r\n\u001b[36m[info]\u001b[0m [phantom] Step anonymous 89/151: done in 65463ms.\r\n\u001b[36m[info]\u001b[0m [phantom] Step _thenBypass 90/152: done in 65483ms.\r\n\u001b[32;1m[debug]\u001b[0m [genie] Finished steps for file table26_2022-10-23.html\r\n\u001b[33m[warning]\u001b[0m [genie] No download initiated, but error found. Doing nothing\r\n\u001b[36m[info]\u001b[0m [phantom] Step finishDownload 95/152: done in 65503ms.\r\n\u001b[32;1m[debug]\u001b[0m [genie] Enabling errors\r\n\u001b[36m[info]\u001b[0m [phantom] Step enableErrors 96/152: done in 65523ms.\r\n\u001b[36m[info]\u001b[0m [phantom] Step anonymous 97/152: done in 65543ms.\r\n\u001b[36m[info]\u001b[0m [phantom] Step manageRetries 98/152: done in 65563ms.\r\n\u001b[36m[info]\u001b[0m [phantom] Step setCurrentArg 99/152: done in 65583ms.\r\n\u001b[32;1m[debug]\u001b[0m [genie] Stopping errors\r\n\u001b[36m[info]\u001b[0m [phantom] Step stopErrors 100/152: done in 65603ms.\r\n\u001b[36m[info]\u001b[0m [phantom] Step setCurrentFile 101/152: done in 65623ms.\r\n\u001b[32;1m[debug]\u001b[0m [genie] Starting download steps for file table26_.html\r\n\u001b[36m[info]\u001b[0m [phantom] Step setDownload 102/152: done in 65643ms.\r\n\u001b[36m[info]\u001b[0m [phantom] Step setCurrentFile 103/153: done in 65663ms.\r\n\u001b[37;41;1m[error]\u001b[0m [genie] Step error: CasperError: Cannot get informations from xpath selector: .//*[@id='input1']: element not found. \r\n\u001b[37;41;1m[error]\u001b[0m [genie] Bypassing 4 steps, due to error!\r\n\u001b[36m[info]\u001b[0m [phantom] Step anonymous 104/153: done in 65685ms.\r\n\u001b[36m[info]\u001b[0m [phantom] Step _thenBypass 105/154: done in 65703ms.\r\n\u001b[32;1m[debug]\u001b[0m [genie] Finished steps for file table26_2022-10-22.html\r\n\u001b[33m[warning]\u001b[0m [genie] No download initiated, but error found. Doing nothing\r\n\u001b[36m[info]\u001b[0m [phantom] Step finishDownload 110/154: done in 65723ms.\r\n\u001b[32;1m[debug]\u001b[0m [genie] Enabling errors\r\n\u001b[36m[info]\u001b[0m [phantom] Step enableErrors 111/154: done in 65743ms.\r\n\u001b[36m[info]\u001b[0m [phantom] Step anonymous 112/154: done in 65763ms.\r\n\u001b[33m[warning]\u001b[0m [genie] Retrying steps for file table26_.html because error was found\r\n2022-10-22\r\n\u001b[36m[info]\u001b[0m [phantom] Step manageRetries 113/154: done in 65783ms.\r\n\u001b[32;1m[debug]\u001b[0m [genie] Stopping errors\r\n\u001b[36m[info]\u001b[0m [phantom] Step stopErrors 114/166: done in 65803ms.\r\n\u001b[36m[info]\u001b[0m [phantom] Step setCurrentFile 115/166: done in 65823ms.\r\n\u001b[32;1m[debug]\u001b[0m [genie] Starting download steps for file table26_.html\r\n\u001b[36m[info]\u001b[0m [phantom] Step setDownload 116/166: done in 65843ms.\r\n\u001b[36m[info]\u001b[0m [phantom] Step setCurrentFile 117/167: done in 65863ms.\r\n\u001b[37;41;1m[error]\u001b[0m [genie] Step error: CasperError: Cannot get informations from xpath selector: .//*[@id='input1']: element not found. \r\n\u001b[37;41;1m[error]\u001b[0m [genie] Bypassing 4 steps, due to error!\r\n\u001b[36m[info]\u001b[0m [phantom] Step anonymous 118/167: done in 65883ms.\r\n\u001b[36m[info]\u001b[0m [phantom] Step _thenBypass 119/168: done in 65903ms.\r\n\u001b[32;1m[debug]\u001b[0m [genie] Finished steps for file table26_2022-10-22.html\r\n\u001b[33m[warning]\u001b[0m [genie] No download initiated, but error found. Doing nothing\r\n\u001b[36m[info]\u001b[0m [phantom] Step finishDownload 124/168: done in 65923ms.\r\n\u001b[32;1m[debug]\u001b[0m [genie] Enabling errors\r\n\u001b[36m[info]\u001b[0m [phantom] Step enableErrors 125/168: done in 65943ms.\r\n\u001b[36m[info]\u001b[0m [phantom] Step anonymous 126/168: done in 65963ms.\r\n\u001b[33m[warning]\u001b[0m [genie] Retrying steps for file table26_.html because error was found\r\n2022-10-22\r\n\u001b[36m[info]\u001b[0m [phantom] Step manageRetries 127/168: done in 65983ms.\r\n\u001b[32;1m[debug]\u001b[0m [genie] Stopping errors\r\n\u001b[36m[info]\u001b[0m [phantom] Step stopErrors 128/180: done in 66003ms.\r\n\u001b[36m[info]\u001b[0m [phantom] Step setCurrentFile 129/180: done in 66023ms.\r\n\u001b[32;1m[debug]\u001b[0m [genie] Starting download steps for file table26_.html\r\n\u001b[36m[info]\u001b[0m [phantom] Step setDownload 130/180: done in 66043ms.\r\n\u001b[36m[info]\u001b[0m [phantom] Step setCurrentFile 131/181: done in 66063ms.\r\n\u001b[37;41;1m[error]\u001b[0m [genie] Step error: CasperError: Cannot get informations from xpath selector: .//*[@id='input1']: element not found. \r\n\u001b[37;41;1m[error]\u001b[0m [genie] Bypassing 4 steps, due to error!\r\n\u001b[36m[info]\u001b[0m [phantom] Step anonymous 132/181: done in 66083ms.\r\n\u001b[36m[info]\u001b[0m [phantom] Step _thenBypass 133/182: done in 66103ms.\r\n\u001b[32;1m[debug]\u001b[0m [genie] Finished steps for file table26_2022-10-22.html\r\n\u001b[33m[warning]\u001b[0m [genie] No download initiated, but error found. Doing nothing\r\n\u001b[36m[info]\u001b[0m [phantom] Step finishDownload 138/182: done in 66123ms.\r\n\u001b[32;1m[debug]\u001b[0m [genie] Enabling errors\r\n\u001b[36m[info]\u001b[0m [phantom] Step enableErrors 139/182: done in 66143ms.\r\n\u001b[36m[info]\u001b[0m [phantom] Step anonymous 140/182: done in 66163ms.\r\n\u001b[33m[warning]\u001b[0m [genie] Retrying steps for file table26_.html because error was found\r\n2022-10-22\r\n\u001b[36m[info]\u001b[0m [phantom] Step manageRetries 141/182: done in 66183ms.\r\n\u001b[32;1m[debug]\u001b[0m [genie] Stopping errors\r\n\u001b[36m[info]\u001b[0m [phantom] Step stopErrors 142/194: done in 66203ms.\r\n\u001b[36m[info]\u001b[0m [phantom] Step setCurrentFile 143/194: done in 66223ms.\r\n\u001b[32;1m[debug]\u001b[0m [genie] Starting download steps for file table26_.html\r\n\u001b[36m[info]\u001b[0m [phantom] Step setDownload 144/194: done in 66243ms.\r\n\u001b[36m[info]\u001b[0m [phantom] Step setCurrentFile 145/195: done in 66263ms.\r\n\u001b[37;41;1m[error]\u001b[0m [genie] Step error: CasperError: Cannot get informations from xpath selector: .//*[@id='input1']: element not found. \r\n\u001b[37;41;1m[error]\u001b[0m [genie] Bypassing 4 steps, due to error!\r\n\u001b[36m[info]\u001b[0m [phantom] Step anonymous 146/195: done in 66283ms.\r\n\u001b[36m[info]\u001b[0m [phantom] Step _thenBypass 147/196: done in 66303ms.\r\n\u001b[32;1m[debug]\u001b[0m [genie] Finished steps for file table26_2022-10-22.html\r\n\u001b[33m[warning]\u001b[0m [genie] No download initiated, but error found. Doing nothing\r\n\u001b[36m[info]\u001b[0m [phantom] Step finishDownload 152/196: done in 66323ms.\r\n\u001b[32;1m[debug]\u001b[0m [genie] Enabling errors\r\n\u001b[36m[info]\u001b[0m [phantom] Step enableErrors 153/196: done in 66343ms.\r\n\u001b[36m[info]\u001b[0m [phantom] Step anonymous 154/196: done in 66363ms.\r\n\u001b[33m[warning]\u001b[0m [genie] Retrying steps for file table26_.html because error was found\r\n2022-10-22\r\n\u001b[36m[info]\u001b[0m [phantom] Step manageRetries 155/196: done in 66383ms.\r\n\u001b[32;1m[debug]\u001b[0m [genie] Stopping errors\r\n\u001b[36m[info]\u001b[0m [phantom] Step stopErrors 156/208: done in 66404ms.\r\n\u001b[36m[info]\u001b[0m [phantom] Step setCurrentFile 157/208: done in 66423ms.\r\n(node) warning: possible EventEmitter memory leak detected. %d listeners added. Use emitter.setMaxListeners() to increase limit. 11\r\n\r\n\u001b[32;1m[debug]\u001b[0m [genie] Starting download steps for file table26_.html\r\n\u001b[36m[info]\u001b[0m [phantom] Step setDownload 158/208: done in 66443ms.\r\n\u001b[36m[info]\u001b[0m [phantom] Step setCurrentFile 159/209: done in 66463ms.\r\n\u001b[37;41;1m[error]\u001b[0m [genie] Step error: CasperError: Cannot get informations from xpath selector: .//*[@id='input1']: element not found. \r\n\u001b[37;41;1m[error]\u001b[0m [genie] Bypassing 4 steps, due to error!\r\n\u001b[36m[info]\u001b[0m [phantom] Step anonymous 160/209: done in 66484ms.\r\n\u001b[36m[info]\u001b[0m [phantom] Step _thenBypass 161/210: done in 66503ms.\r\n\u001b[32;1m[debug]\u001b[0m [genie] Finished steps for file table26_2022-10-22.html\r\n\u001b[33m[warning]\u001b[0m [genie] No download initiated, but error found. Doing nothing\r\n\u001b[36m[info]\u001b[0m [phantom] Step finishDownload 166/210: done in 66523ms.\r\n\u001b[32;1m[debug]\u001b[0m [genie] Enabling errors\r\n\u001b[36m[info]\u001b[0m [phantom] Step enableErrors 167/210: done in 66543ms.\r\n\u001b[36m[info]\u001b[0m [phantom] Step anonymous 168/210: done in 66563ms.\r\n\u001b[33m[warning]\u001b[0m [genie] Retrying steps for file table26_.html because error was found\r\n2022-10-22\r\n\u001b[36m[info]\u001b[0m [phantom] Step manageRetries 169/210: done in 66583ms.\r\n\u001b[32;1m[debug]\u001b[0m [genie] Stopping errors\r\n\u001b[36m[info]\u001b[0m [phantom] Step stopErrors 170/222: done in 66603ms.\r\n\u001b[36m[info]\u001b[0m [phantom] Step setCurrentFile 171/222: done in 66623ms.\r\n\u001b[32;1m[debug]\u001b[0m [genie] Starting download steps for file table26_.html\r\n\u001b[36m[info]\u001b[0m [phantom] Step setDownload 172/222: done in 66643ms.\r\n[2022-10-24 02:02:08,153][rds_connection][INFO][bpas-dev] Output filename: None\r\n\u001b[36m[info]\u001b[0m [phantom] Step setCurrentFile 173/223: done in 66663ms.\r\n\u001b[37;41;1m[error]\u001b[0m [genie] Step error: CasperError: Cannot get informations from xpath selector: .//*[@id='input1']: element not found. \r\n\u001b[37;41;1m[error]\u001b[0m [genie] Bypassing 4 steps, due to error!\r\n\u001b[36m[info]\u001b[0m [phantom] Step anonymous 174/223: done in 66684ms.\r\n\u001b[36m[info]\u001b[0m [phantom] Step _thenBypass 175/224: done in 66703ms.\r\n\u001b[32;1m[debug]\u001b[0m [genie] Finished steps for file table26_2022-10-22.html\r\n\u001b[33m[warning]\u001b[0m [genie] No download initiated, but error found. Doing nothing\r\n\u001b[36m[info]\u001b[0m [phantom] Step finishDownload 180/224: done in 66723ms.\r\n\u001b[32;1m[debug]\u001b[0m [genie] Enabling errors\r\n\u001b[36m[info]\u001b[0m [phantom] Step enableErrors 181/224: done in 66743ms.\r\n\u001b[36m[info]\u001b[0m [phantom] Step anonymous 182/224: done in 66763ms.\r\n\u001b[36m[info]\u001b[0m [phantom] Step manageRetries 183/224: done in 66783ms.\r\n\u001b[36m[info]\u001b[0m [phantom] Step setCurrentArg 184/224: done in 66803ms.\r\n\u001b[32;1m[debug]\u001b[0m [genie] Stopping errors\r\n\u001b[36m[info]\u001b[0m [phantom] Step stopErrors 185/224: done in 66823ms.\r\n\u001b[36m[info]\u001b[0m [phantom] Step setCurrentFile 186/224: done in 66843ms.\r\n\u001b[32;1m[debug]\u001b[0m [genie] Starting download steps for file table26_.html\r\n\u001b[36m[info]\u001b[0m [phantom] Step setDownload 187/224: done in 66863ms.\r\n\u001b[36m[info]\u001b[0m [phantom] Step setCurrentFile 188/225: done in 66883ms.\r\n\u001b[37;41;1m[error]\u001b[0m [genie] Step error: CasperError: Cannot get informations from xpath selector: .//*[@id='input1']: element not found. \r\n\u001b[37;41;1m[error]\u001b[0m [genie] Bypassing 4 steps, due to error!\r\n\u001b[36m[info]\u001b[0m [phantom] Step anonymous 189/225: done in 66904ms.\r\n\u001b[36m[info]\u001b[0m [phantom] Step _thenBypass 190/226: done in 66923ms.\r\n\u001b[32;1m[debug]\u001b[0m [genie] Finished steps for file table26_2022-10-21.html\r\n\u001b[33m[warning]\u001b[0m [genie] No download initiated, but error found. Doing nothing\r\n\u001b[36m[info]\u001b[0m [phantom] Step finishDownload 195/226: done in 66943ms.\r\n\u001b[32;1m[debug]\u001b[0m [genie] Enabling errors\r\n\u001b[36m[info]\u001b[0m [phantom] Step enableErrors 196/226: done in 66963ms.\r\n\u001b[36m[info]\u001b[0m [phantom] Step anonymous 197/226: done in 66983ms.\r\n\u001b[33m[warning]\u001b[0m [genie] Retrying steps for file table26_.html because error was found\r\n2022-10-21\r\n\u001b[36m[info]\u001b[0m [phantom] Step manageRetries 198/226: done in 67003ms.\r\n\u001b[32;1m[debug]\u001b[0m [genie] Stopping errors\r\n\u001b[36m[info]\u001b[0m [phantom] Step stopErrors 199/238: done in 67023ms.\r\n\u001b[36m[info]\u001b[0m [phantom] Step setCurrentFile 200/238: done in 67043ms.\r\n\u001b[32;1m[debug]\u001b[0m [genie] Starting download steps for file table26_.html\r\n\u001b[36m[info]\u001b[0m [phantom] Step setDownload 201/238: done in 67063ms.\r\n\u001b[36m[info]\u001b[0m [phantom] Step setCurrentFile 202/239: done in 67083ms.\r\n\u001b[37;41;1m[error]\u001b[0m [genie] Step error: CasperError: Cannot get informations from xpath selector: .//*[@id='input1']: element not found. \r\n\u001b[37;41;1m[error]\u001b[0m [genie] Bypassing 4 steps, due to error!\r\n\u001b[36m[info]\u001b[0m [phantom] Step anonymous 203/239: done in 67104ms.\r\n\u001b[36m[info]\u001b[0m [phantom] Step _thenBypass 204/240: done in 67123ms.\r\n\u001b[32;1m[debug]\u001b[0m [genie] Finished steps for file table26_2022-10-21.html\r\n\u001b[33m[warning]\u001b[0m [genie] No download initiated, but error found. Doing nothing\r\n\u001b[36m[info]\u001b[0m [phantom] Step finishDownload 209/240: done in 67144ms.\r\n\u001b[32;1m[debug]\u001b[0m [genie] Enabling errors\r\n\u001b[36m[info]\u001b[0m [phantom] Step enableErrors 210/240: done in 67164ms.\r\n\u001b[36m[info]\u001b[0m [phantom] Step anonymous 211/240: done in 67184ms.\r\n\u001b[33m[warning]\u001b[0m [genie] Retrying steps for file table26_.html because error was found\r\n2022-10-21\r\n\u001b[36m[info]\u001b[0m [phantom] Step manageRetries 212/240: done in 67210ms.\r\n\u001b[32;1m[debug]\u001b[0m [genie] Stopping errors\r\n\u001b[36m[info]\u001b[0m [phantom] Step stopErrors 213/252: done in 67230ms.\r\n\u001b[36m[info]\u001b[0m [phantom] Step setCurrentFile 214/252: done in 67250ms.\r\n\u001b[32;1m[debug]\u001b[0m [genie] Starting download steps for file table26_.html\r\n\u001b[36m[info]\u001b[0m [phantom] Step setDownload 215/252: done in 67270ms.\r\n\u001b[36m[info]\u001b[0m [phantom] Step setCurrentFile 216/253: done in 67290ms.\r\n\u001b[37;41;1m[error]\u001b[0m [genie] Step error: CasperError: Cannot get informations from xpath selector: .//*[@id='input1']: element not found. \r\n\u001b[37;41;1m[error]\u001b[0m [genie] Bypassing 4 steps, due to error!\r\n\u001b[36m[info]\u001b[0m [phantom] Step anonymous 217/253: done in 67310ms.\r\n\u001b[36m[info]\u001b[0m [phantom] Step _thenBypass 218/254: done in 67330ms.\r\n\u001b[32;1m[debug]\u001b[0m [genie] Finished steps for file table26_2022-10-21.html\r\n\u001b[33m[warning]\u001b[0m [genie] No download initiated, but error found. Doing nothing\r\n\u001b[36m[info]\u001b[0m [phantom] Step finishDownload 223/254: done in 67352ms.\r\n\u001b[32;1m[debug]\u001b[0m [genie] Enabling errors\r\n\u001b[36m[info]\u001b[0m [phantom] Step enableErrors 224/254: done in 67370ms.\r\n\u001b[36m[info]\u001b[0m [phantom] Step anonymous 225/254: done in 67390ms.\r\n\u001b[33m[warning]\u001b[0m [genie] Retrying steps for file table26_.html because error was found\r\n2022-10-21\r\n\u001b[36m[info]\u001b[0m [phantom] Step manageRetries 226/254: done in 67410ms.\r\n\u001b[32;1m[debug]\u001b[0m [genie] Stopping errors\r\n\u001b[36m[info]\u001b[0m [phantom] Step stopErrors 227/266: done in 67430ms.\r\n\u001b[36m[info]\u001b[0m [phantom] Step setCurrentFile 228/266: done in 67450ms.\r\n\u001b[32;1m[debug]\u001b[0m [genie] Starting download steps for file table26_.html\r\n\u001b[36m[info]\u001b[0m [phantom] Step setDownload 229/266: done in 67470ms.\r\n\u001b[36m[info]\u001b[0m [phantom] Step setCurrentFile 230/267: done in 67490ms.\r\n\u001b[37;41;1m[error]\u001b[0m [genie] Step error: CasperError: Cannot get informations from xpath selector: .//*[@id='input1']: element not found. \r\n\u001b[37;41;1m[error]\u001b[0m [genie] Bypassing 4 steps, due to error!\r\n\u001b[36m[info]\u001b[0m [phantom] Step anonymous 231/267: done in 67511ms.\r\n\u001b[36m[info]\u001b[0m [phantom] Step _thenBypass 232/268: done in 67530ms.\r\n\u001b[32;1m[debug]\u001b[0m [genie] Finished steps for file table26_2022-10-21.html\r\n\u001b[33m[warning]\u001b[0m [genie] No download initiated, but error found. Doing nothing\r\n\u001b[36m[info]\u001b[0m [phantom] Step finishDownload 237/268: done in 67550ms.\r\n\u001b[32;1m[debug]\u001b[0m [genie] Enabling errors\r\n\u001b[36m[info]\u001b[0m [phantom] Step enableErrors 238/268: done in 67570ms.\r\n\u001b[36m[info]\u001b[0m [phantom] Step anonymous 239/268: done in 67590ms.\r\n\u001b[33m[warning]\u001b[0m [genie] Retrying steps for file table26_.html because error was found\r\n2022-10-21\r\n\u001b[36m[info]\u001b[0m [phantom] Step manageRetries 240/268: done in 67610ms.\r\n\u001b[32;1m[debug]\u001b[0m [genie] Stopping errors\r\n\u001b[36m[info]\u001b[0m [phantom] Step stopErrors 241/280: done in 67630ms.\r\n\u001b[36m[info]\u001b[0m [phantom] Step setCurrentFile 242/280: done in 67650ms.\r\n\u001b[32;1m[debug]\u001b[0m [genie] Starting download steps for file table26_.html\r\n\u001b[36m[info]\u001b[0m [phantom] Step setDownload 243/280: done in 67670ms.\r\n\u001b[36m[info]\u001b[0m [phantom] Step setCurrentFile 244/281: done in 67690ms.\r\n\u001b[37;41;1m[error]\u001b[0m [genie] Step error: CasperError: Cannot get informations from xpath selector: .//*[@id='input1']: element not found. \r\n\u001b[37;41;1m[error]\u001b[0m [genie] Bypassing 4 steps, due to error!\r\n\u001b[36m[info]\u001b[0m [phantom] Step anonymous 245/281: done in 67711ms.\r\n\u001b[36m[info]\u001b[0m [phantom] Step _thenBypass 246/282: done in 67730ms.\r\n\u001b[32;1m[debug]\u001b[0m [genie] Finished steps for file table26_2022-10-21.html\r\n\u001b[33m[warning]\u001b[0m [genie] No download initiated, but error found. Doing nothing\r\n\u001b[36m[info]\u001b[0m [phantom] Step finishDownload 251/282: done in 67750ms.\r\n\u001b[32;1m[debug]\u001b[0m [genie] Enabling errors\r\n\u001b[36m[info]\u001b[0m [phantom] Step enableErrors 252/282: done in 67770ms.\r\n\u001b[36m[info]\u001b[0m [phantom] Step anonymous 253/282: done in 67790ms.\r\n\u001b[33m[warning]\u001b[0m [genie] Retrying steps for file table26_.html because error was found\r\n2022-10-21\r\n\u001b[36m[info]\u001b[0m [phantom] Step manageRetries 254/282: done in 67811ms.\r\n\u001b[32;1m[debug]\u001b[0m [genie] Stopping errors\r\n\u001b[36m[info]\u001b[0m [phantom] Step stopErrors 255/294: done in 67831ms.\r\n\u001b[36m[info]\u001b[0m [phantom] Step setCurrentFile 256/294: done in 67851ms.\r\n\u001b[32;1m[debug]\u001b[0m [genie] Starting download steps for file table26_.html\r\n\u001b[36m[info]\u001b[0m [phantom] Step setDownload 257/294: done in 67871ms.\r\n\u001b[36m[info]\u001b[0m [phantom] Step setCurrentFile 258/295: done in 67891ms.\r\n\u001b[37;41;1m[error]\u001b[0m [genie] Step error: CasperError: Cannot get informations from xpath selector: .//*[@id='input1']: element not found. \r\n\u001b[37;41;1m[error]\u001b[0m [genie] Bypassing 4 steps, due to error!\r\n\u001b[36m[info]\u001b[0m [phantom] Step anonymous 259/295: done in 67912ms.\r\n\u001b[36m[info]\u001b[0m [phantom] Step _thenBypass 260/296: done in 67931ms.\r\n\u001b[32;1m[debug]\u001b[0m [genie] Finished steps for file table26_2022-10-21.html\r\n\u001b[33m[warning]\u001b[0m [genie] No download initiated, but error found. Doing nothing\r\n\u001b[36m[info]\u001b[0m [phantom] Step finishDownload 265/296: done in 67951ms.\r\n\u001b[32;1m[debug]\u001b[0m [genie] Enabling errors\r\n\u001b[36m[info]\u001b[0m [phantom] Step enableErrors 266/296: done in 67971ms.\r\n\u001b[36m[info]\u001b[0m [phantom] Step anonymous 267/296: done in 67991ms.\r\n\u001b[36m[info]\u001b[0m [phantom] Step manageRetries 268/296: done in 68011ms.\r\n\u001b[36m[info]\u001b[0m [phantom] Step setCurrentArg 269/296: done in 68031ms.\r\n\u001b[32;1m[debug]\u001b[0m [genie] Stopping errors\r\n\u001b[36m[info]\u001b[0m [phantom] Step stopErrors 270/296: done in 68051ms.\r\n\u001b[36m[info]\u001b[0m [phantom] Step setCurrentFile 271/296: done in 68071ms.\r\n\u001b[32;1m[debug]\u001b[0m [genie] Starting download steps for file table26_.html\r\n\u001b[36m[info]\u001b[0m [phantom] Step setDownload 272/296: done in 68091ms.\r\n\u001b[36m[info]\u001b[0m [phantom] Step setCurrentFile 273/297: done in 68111ms.\r\n\u001b[37;41;1m[error]\u001b[0m [genie] Step error: CasperError: Cannot get informations from xpath selector: .//*[@id='input1']: element not found. \r\n\u001b[37;41;1m[error]\u001b[0m [genie] Bypassing 4 steps, due to error!\r\n\u001b[36m[info]\u001b[0m [phantom] Step anonymous 274/297: done in 68131ms.\r\n\u001b[36m[info]\u001b[0m [phantom] Step _thenBypass 275/298: done in 68151ms.\r\n\u001b[32;1m[debug]\u001b[0m [genie] Finished steps for file table26_2022-10-20.html\r\n\u001b[33m[warning]\u001b[0m [genie] No download initiated, but error found. Doing nothing\r\n\u001b[36m[info]\u001b[0m [phantom] Step finishDownload 280/298: done in 68171ms.\r\n\u001b[32;1m[debug]\u001b[0m [genie] Enabling errors\r\n\u001b[36m[info]\u001b[0m [phantom] Step enableErrors 281/298: done in 68191ms.\r\n\u001b[36m[info]\u001b[0m [phantom] Step anonymous 282/298: done in 68211ms.\r\n\u001b[33m[warning]\u001b[0m [genie] Retrying steps for file table26_.html because error was found\r\n2022-10-20\r\n\u001b[36m[info]\u001b[0m [phantom] Step manageRetries 283/298: done in 68231ms.\r\n\u001b[32;1m[debug]\u001b[0m [genie] Stopping errors\r\n\u001b[36m[info]\u001b[0m [phantom] Step stopErrors 284/310: done in 68251ms.\r\n\u001b[36m[info]\u001b[0m [phantom] Step setCurrentFile 285/310: done in 68271ms.\r\n\u001b[32;1m[debug]\u001b[0m [genie] Starting download steps for file table26_.html\r\n\u001b[36m[info]\u001b[0m [phantom] Step setDownload 286/310: done in 68291ms.\r\n\u001b[36m[info]\u001b[0m [phantom] Step setCurrentFile 287/311: done in 68311ms.\r\n\u001b[37;41;1m[error]\u001b[0m [genie] Step error: CasperError: Cannot get informations from xpath selector: .//*[@id='input1']: element not found. \r\n\u001b[37;41;1m[error]\u001b[0m [genie] Bypassing 4 steps, due to error!\r\n\u001b[36m[info]\u001b[0m [phantom] Step anonymous 288/311: done in 68331ms.\r\n\u001b[36m[info]\u001b[0m [phantom] Step _thenBypass 289/312: done in 68351ms.\r\n\u001b[32;1m[debug]\u001b[0m [genie] Finished steps for file table26_2022-10-20.html\r\n\u001b[33m[warning]\u001b[0m [genie] No download initiated, but error found. Doing nothing\r\n\u001b[36m[info]\u001b[0m [phantom] Step finishDownload 294/312: done in 68371ms.\r\n\u001b[32;1m[debug]\u001b[0m [genie] Enabling errors\r\n\u001b[36m[info]\u001b[0m [phantom] Step enableErrors 295/312: done in 68391ms.\r\n\u001b[36m[info]\u001b[0m [phantom] Step anonymous 296/312: done in 68411ms.\r\n\u001b[33m[warning]\u001b[0m [genie] Retrying steps for file table26_.html because error was found\r\n2022-10-20\r\n\u001b[36m[info]\u001b[0m [phantom] Step manageRetries 297/312: done in 68431ms.\r\n\u001b[32;1m[debug]\u001b[0m [genie] Stopping errors\r\n\u001b[36m[info]\u001b[0m [phantom] Step stopErrors 298/324: done in 68451ms.\r\n\u001b[36m[info]\u001b[0m [phantom] Step setCurrentFile 299/324: done in 68471ms.\r\n\u001b[32;1m[debug]\u001b[0m [genie] Starting download steps for file table26_.html\r\n\u001b[36m[info]\u001b[0m [phantom] Step setDownload 300/324: done in 68491ms.\r\n\u001b[36m[info]\u001b[0m [phantom] Step setCurrentFile 301/325: done in 68511ms.\r\n\u001b[37;41;1m[error]\u001b[0m [genie] Step error: CasperError: Cannot get informations from xpath selector: .//*[@id='input1']: element not found. \r\n\u001b[37;41;1m[error]\u001b[0m [genie] Bypassing 4 steps, due to error!\r\n\u001b[36m[info]\u001b[0m [phantom] Step anonymous 302/325: done in 68531ms.\r\n\u001b[36m[info]\u001b[0m [phantom] Step _thenBypass 303/326: done in 68551ms.\r\n\u001b[32;1m[debug]\u001b[0m [genie] Finished steps for file table26_2022-10-20.html\r\n\u001b[33m[warning]\u001b[0m [genie] No download initiated, but error found. Doing nothing\r\n\u001b[36m[info]\u001b[0m [phantom] Step finishDownload 308/326: done in 68571ms.\r\n\u001b[32;1m[debug]\u001b[0m [genie] Enabling errors\r\n\u001b[36m[info]\u001b[0m [phantom] Step enableErrors 309/326: done in 68591ms.\r\n\u001b[36m[info]\u001b[0m [phantom] Step anonymous 310/326: done in 68611ms.\r\n\u001b[33m[warning]\u001b[0m [genie] Retrying steps for file table26_.html because error was found\r\n2022-10-20\r\n\u001b[36m[info]\u001b[0m [phantom] Step manageRetries 311/326: done in 68631ms.\r\n\u001b[32;1m[debug]\u001b[0m [genie] Stopping errors\r\n\u001b[36m[info]\u001b[0m [phantom] Step stopErrors 312/338: done in 68651ms.\r\n[2022-10-24 02:02:10,165][rds_connection][INFO][bpas-dev] Output filename: None\r\n\u001b[36m[info]\u001b[0m [phantom] Step setCurrentFile 313/338: done in 68671ms.\r\n\u001b[32;1m[debug]\u001b[0m [genie] Starting download steps for file table26_.html\r\n\u001b[36m[info]\u001b[0m [phantom] Step setDownload 314/338: done in 68691ms.\r\n\u001b[36m[info]\u001b[0m [phantom] Step setCurrentFile 315/339: done in 68711ms.\r\n\u001b[37;41;1m[error]\u001b[0m [genie] Step error: CasperError: Cannot get informations from xpath selector: .//*[@id='input1']: element not found. \r\n\u001b[37;41;1m[error]\u001b[0m [genie] Bypassing 4 steps, due to error!\r\n\u001b[36m[info]\u001b[0m [phantom] Step anonymous 316/339: done in 68732ms.\r\n\u001b[36m[info]\u001b[0m [phantom] Step _thenBypass 317/340: done in 68751ms.\r\n\u001b[32;1m[debug]\u001b[0m [genie] Finished steps for file table26_2022-10-20.html\r\n\u001b[33m[warning]\u001b[0m [genie] No download initiated, but error found. Doing nothing\r\n\u001b[36m[info]\u001b[0m [phantom] Step finishDownload 322/340: done in 68771ms.\r\n\u001b[32;1m[debug]\u001b[0m [genie] Enabling errors\r\n\u001b[36m[info]\u001b[0m [phantom] Step enableErrors 323/340: done in 68791ms.\r\n\u001b[36m[info]\u001b[0m [phantom] Step anonymous 324/340: done in 68811ms.\r\n\u001b[33m[warning]\u001b[0m [genie] Retrying steps for file table26_.html because error was found\r\n2022-10-20\r\n\u001b[36m[info]\u001b[0m [phantom] Step manageRetries 325/340: done in 68831ms.\r\n\u001b[32;1m[debug]\u001b[0m [genie] Stopping errors\r\n\u001b[36m[info]\u001b[0m [phantom] Step stopErrors 326/352: done in 68851ms.\r\n\u001b[36m[info]\u001b[0m [phantom] Step setCurrentFile 327/352: done in 68871ms.\r\n\u001b[32;1m[debug]\u001b[0m [genie] Starting download steps for file table26_.html\r\n\u001b[36m[info]\u001b[0m [phantom] Step setDownload 328/352: done in 68891ms.\r\n\u001b[36m[info]\u001b[0m [phantom] Step setCurrentFile 329/353: done in 68911ms.\r\n\u001b[37;41;1m[error]\u001b[0m [genie] Step error: CasperError: Cannot get informations from xpath selector: .//*[@id='input1']: element not found. \r\n\u001b[37;41;1m[error]\u001b[0m [genie] Bypassing 4 steps, due to error!\r\n\u001b[36m[info]\u001b[0m [phantom] Step anonymous 330/353: done in 68932ms.\r\n\u001b[36m[info]\u001b[0m [phantom] Step _thenBypass 331/354: done in 68952ms.\r\n\u001b[32;1m[debug]\u001b[0m [genie] Finished steps for file table26_2022-10-20.html\r\n\u001b[33m[warning]\u001b[0m [genie] No download initiated, but error found. Doing nothing\r\n\u001b[36m[info]\u001b[0m [phantom] Step finishDownload 336/354: done in 68972ms.\r\n\u001b[32;1m[debug]\u001b[0m [genie] Enabling errors\r\n\u001b[36m[info]\u001b[0m [phantom] Step enableErrors 337/354: done in 68992ms.\r\n\u001b[36m[info]\u001b[0m [phantom] Step anonymous 338/354: done in 69012ms.\r\n\u001b[33m[warning]\u001b[0m [genie] Retrying steps for file table26_.html because error was found\r\n2022-10-20\r\n\u001b[36m[info]\u001b[0m [phantom] Step manageRetries 339/354: done in 69032ms.\r\n\u001b[32;1m[debug]\u001b[0m [genie] Stopping errors\r\n\u001b[36m[info]\u001b[0m [phantom] Step stopErrors 340/366: done in 69052ms.\r\n\u001b[36m[info]\u001b[0m [phantom] Step setCurrentFile 341/366: done in 69072ms.\r\n\u001b[32;1m[debug]\u001b[0m [genie] Starting download steps for file table26_.html\r\n\u001b[36m[info]\u001b[0m [phantom] Step setDownload 342/366: done in 69092ms.\r\n\u001b[36m[info]\u001b[0m [phantom] Step setCurrentFile 343/367: done in 69111ms.\r\n\u001b[37;41;1m[error]\u001b[0m [genie] Step error: CasperError: Cannot get informations from xpath selector: .//*[@id='input1']: element not found. \r\n\u001b[37;41;1m[error]\u001b[0m [genie] Bypassing 4 steps, due to error!\r\n\u001b[36m[info]\u001b[0m [phantom] Step anonymous 344/367: done in 69134ms.\r\n\u001b[36m[info]\u001b[0m [phantom] Step _thenBypass 345/368: done in 69152ms.\r\n\u001b[32;1m[debug]\u001b[0m [genie] Finished steps for file table26_2022-10-20.html\r\n\u001b[33m[warning]\u001b[0m [genie] No download initiated, but error found. Doing nothing\r\n\u001b[36m[info]\u001b[0m [phantom] Step finishDownload 350/368: done in 69172ms.\r\n\u001b[32;1m[debug]\u001b[0m [genie] Enabling errors\r\n\u001b[36m[info]\u001b[0m [phantom] Step enableErrors 351/368: done in 69192ms.\r\n\u001b[36m[info]\u001b[0m [phantom] Step anonymous 352/368: done in 69211ms.\r\n\u001b[36m[info]\u001b[0m [phantom] Step manageRetries 353/368: done in 69231ms.\r\n\u001b[36m[info]\u001b[0m [phantom] Step setCurrentArg 354/368: done in 69252ms.\r\n\u001b[32;1m[debug]\u001b[0m [genie] Stopping errors\r\n\u001b[36m[info]\u001b[0m [phantom] Step stopErrors 355/368: done in 69272ms.\r\n\u001b[36m[info]\u001b[0m [phantom] Step setCurrentFile 356/368: done in 69292ms.\r\n\u001b[32;1m[debug]\u001b[0m [genie] Starting download steps for file table26_.html\r\n\u001b[36m[info]\u001b[0m [phantom] Step setDownload 357/368: done in 69312ms.\r\n\u001b[36m[info]\u001b[0m [phantom] Step setCurrentFile 358/369: done in 69332ms.\r\n\u001b[37;41;1m[error]\u001b[0m [genie] Step error: CasperError: Cannot get informations from xpath selector: .//*[@id='input1']: element not found. \r\n\u001b[37;41;1m[error]\u001b[0m [genie] Bypassing 4 steps, due to error!\r\n\u001b[36m[info]\u001b[0m [phantom] Step anonymous 359/369: done in 69352ms.\r\n\u001b[36m[info]\u001b[0m [phantom] Step _thenBypass 360/370: done in 69372ms.\r\n\u001b[32;1m[debug]\u001b[0m [genie] Finished steps for file table26_2022-10-19.html\r\n\u001b[33m[warning]\u001b[0m [genie] No download initiated, but error found. Doing nothing\r\n\u001b[36m[info]\u001b[0m [phantom] Step finishDownload 365/370: done in 69392ms.\r\n\u001b[32;1m[debug]\u001b[0m [genie] Enabling errors\r\n\u001b[36m[info]\u001b[0m [phantom] Step enableErrors 366/370: done in 69412ms.\r\n\u001b[36m[info]\u001b[0m [phantom] Step anonymous 367/370: done in 69432ms.\r\n\u001b[33m[warning]\u001b[0m [genie] Retrying steps for file table26_.html because error was found\r\n2022-10-19\r\n\u001b[36m[info]\u001b[0m [phantom] Step manageRetries 368/370: done in 69452ms.\r\n\u001b[32;1m[debug]\u001b[0m [genie] Stopping errors\r\n\u001b[36m[info]\u001b[0m [phantom] Step stopErrors 369/382: done in 69472ms.\r\n\u001b[36m[info]\u001b[0m [phantom] Step setCurrentFile 370/382: done in 69492ms.\r\n\u001b[32;1m[debug]\u001b[0m [genie] Starting download steps for file table26_.html\r\n\u001b[36m[info]\u001b[0m [phantom] Step setDownload 371/382: done in 69512ms.\r\n\u001b[36m[info]\u001b[0m [phantom] Step setCurrentFile 372/383: done in 69532ms.\r\n\u001b[37;41;1m[error]\u001b[0m [genie] Step error: CasperError: Cannot get informations from xpath selector: .//*[@id='input1']: element not found. \r\n\u001b[37;41;1m[error]\u001b[0m [genie] Bypassing 4 steps, due to error!\r\n\u001b[36m[info]\u001b[0m [phantom] Step anonymous 373/383: done in 69552ms.\r\n\u001b[36m[info]\u001b[0m [phantom] Step _thenBypass 374/384: done in 69572ms.\r\n\u001b[32;1m[debug]\u001b[0m [genie] Finished steps for file table26_2022-10-19.html\r\n\u001b[33m[warning]\u001b[0m [genie] No download initiated, but error found. Doing nothing\r\n\u001b[36m[info]\u001b[0m [phantom] Step finishDownload 379/384: done in 69592ms.\r\n\u001b[32;1m[debug]\u001b[0m [genie] Enabling errors\r\n\u001b[36m[info]\u001b[0m [phantom] Step enableErrors 380/384: done in 69612ms.\r\n\u001b[36m[info]\u001b[0m [phantom] Step anonymous 381/384: done in 69632ms.\r\n\u001b[33m[warning]\u001b[0m [genie] Retrying steps for file table26_.html because error was found\r\n2022-10-19\r\n\u001b[36m[info]\u001b[0m [phantom] Step manageRetries 382/384: done in 69652ms.\r\n\u001b[32;1m[debug]\u001b[0m [genie] Stopping errors\r\n\u001b[36m[info]\u001b[0m [phantom] Step stopErrors 383/396: done in 69672ms.\r\n\u001b[36m[info]\u001b[0m [phantom] Step setCurrentFile 384/396: done in 69692ms.\r\n\u001b[32;1m[debug]\u001b[0m [genie] Starting download steps for file table26_.html\r\n\u001b[36m[info]\u001b[0m [phantom] Step setDownload 385/396: done in 69712ms.\r\n\u001b[36m[info]\u001b[0m [phantom] Step setCurrentFile 386/397: done in 69732ms.\r\n\u001b[37;41;1m[error]\u001b[0m [genie] Step error: CasperError: Cannot get informations from xpath selector: .//*[@id='input1']: element not found. \r\n\u001b[37;41;1m[error]\u001b[0m [genie] Bypassing 4 steps, due to error!\r\n\u001b[36m[info]\u001b[0m [phantom] Step anonymous 387/397: done in 69752ms.\r\n\u001b[36m[info]\u001b[0m [phantom] Step _thenBypass 388/398: done in 69772ms.\r\n\u001b[32;1m[debug]\u001b[0m [genie] Finished steps for file table26_2022-10-19.html\r\n\u001b[33m[warning]\u001b[0m [genie] No download initiated, but error found. Doing nothing\r\n\u001b[36m[info]\u001b[0m [phantom] Step finishDownload 393/398: done in 69792ms.\r\n\u001b[32;1m[debug]\u001b[0m [genie] Enabling errors\r\n\u001b[36m[info]\u001b[0m [phantom] Step enableErrors 394/398: done in 69812ms.\r\n\u001b[36m[info]\u001b[0m [phantom] Step anonymous 395/398: done in 69832ms.\r\n\u001b[33m[warning]\u001b[0m [genie] Retrying steps for file table26_.html because error was found\r\n2022-10-19\r\n\u001b[36m[info]\u001b[0m [phantom] Step manageRetries 396/398: done in 69852ms.\r\n\u001b[32;1m[debug]\u001b[0m [genie] Stopping errors\r\n\u001b[36m[info]\u001b[0m [phantom] Step stopErrors 397/410: done in 69872ms.\r\n\u001b[36m[info]\u001b[0m [phantom] Step setCurrentFile 398/410: done in 69892ms.\r\n\u001b[32;1m[debug]\u001b[0m [genie] Starting download steps for file table26_.html\r\n\u001b[36m[info]\u001b[0m [phantom] Step setDownload 399/410: done in 69912ms.\r\n\u001b[36m[info]\u001b[0m [phantom] Step setCurrentFile 400/411: done in 69932ms.\r\n\u001b[37;41;1m[error]\u001b[0m [genie] Step error: CasperError: Cannot get informations from xpath selector: .//*[@id='input1']: element not found. \r\n\u001b[37;41;1m[error]\u001b[0m [genie] Bypassing 4 steps, due to error!\r\n\u001b[36m[info]\u001b[0m [phantom] Step anonymous 401/411: done in 69952ms.\r\n\u001b[36m[info]\u001b[0m [phantom] Step _thenBypass 402/412: done in 69972ms.\r\n\u001b[32;1m[debug]\u001b[0m [genie] Finished steps for file table26_2022-10-19.html\r\n\u001b[33m[warning]\u001b[0m [genie] No download initiated, but error found. Doing nothing\r\n\u001b[36m[info]\u001b[0m [phantom] Step finishDownload 407/412: done in 69992ms.\r\n\u001b[32;1m[debug]\u001b[0m [genie] Enabling errors\r\n\u001b[36m[info]\u001b[0m [phantom] Step enableErrors 408/412: done in 70012ms.\r\n\u001b[36m[info]\u001b[0m [phantom] Step anonymous 409/412: done in 70032ms.\r\n\u001b[33m[warning]\u001b[0m [genie] Retrying steps for file table26_.html because error was found\r\n2022-10-19\r\n\u001b[36m[info]\u001b[0m [phantom] Step manageRetries 410/412: done in 70052ms.\r\n\u001b[32;1m[debug]\u001b[0m [genie] Stopping errors\r\n\u001b[36m[info]\u001b[0m [phantom] Step stopErrors 411/424: done in 70072ms.\r\n\u001b[36m[info]\u001b[0m [phantom] Step setCurrentFile 412/424: done in 70092ms.\r\n\u001b[32;1m[debug]\u001b[0m [genie] Starting download steps for file table26_.html\r\n\u001b[36m[info]\u001b[0m [phantom] Step setDownload 413/424: done in 70112ms.\r\n\u001b[36m[info]\u001b[0m [phantom] Step setCurrentFile 414/425: done in 70132ms.\r\n\u001b[37;41;1m[error]\u001b[0m [genie] Step error: CasperError: Cannot get informations from xpath selector: .//*[@id='input1']: element not found. \r\n\u001b[37;41;1m[error]\u001b[0m [genie] Bypassing 4 steps, due to error!\r\n\u001b[36m[info]\u001b[0m [phantom] Step anonymous 415/425: done in 70152ms.\r\n\u001b[36m[info]\u001b[0m [phantom] Step _thenBypass 416/426: done in 70172ms.\r\n\u001b[32;1m[debug]\u001b[0m [genie] Finished steps for file table26_2022-10-19.html\r\n\u001b[33m[warning]\u001b[0m [genie] No download initiated, but error found. Doing nothing\r\n\u001b[36m[info]\u001b[0m [phantom] Step finishDownload 421/426: done in 70192ms.\r\n\u001b[32;1m[debug]\u001b[0m [genie] Enabling errors\r\n\u001b[36m[info]\u001b[0m [phantom] Step enableErrors 422/426: done in 70212ms.\r\n\u001b[36m[info]\u001b[0m [phantom] Step anonymous 423/426: done in 70232ms.\r\n\u001b[33m[warning]\u001b[0m [genie] Retrying steps for file table26_.html because error was found\r\n2022-10-19\r\n\u001b[36m[info]\u001b[0m [phantom] Step manageRetries 424/426: done in 70252ms.\r\n\u001b[32;1m[debug]\u001b[0m [genie] Stopping errors\r\n\u001b[36m[info]\u001b[0m [phantom] Step stopErrors 425/438: done in 70272ms.\r\n\u001b[36m[info]\u001b[0m [phantom] Step setCurrentFile 426/438: done in 70292ms.\r\n\u001b[32;1m[debug]\u001b[0m [genie] Starting download steps for file table26_.html\r\n\u001b[36m[info]\u001b[0m [phantom] Step setDownload 427/438: done in 70312ms.\r\n\u001b[36m[info]\u001b[0m [phantom] Step setCurrentFile 428/439: done in 70332ms.\r\n\u001b[37;41;1m[error]\u001b[0m [genie] Step error: CasperError: Cannot get informations from xpath selector: .//*[@id='input1']: element not found. \r\n\u001b[37;41;1m[error]\u001b[0m [genie] Bypassing 4 steps, due to error!\r\n\u001b[36m[info]\u001b[0m [phantom] Step anonymous 429/439: done in 70352ms.\r\n\u001b[36m[info]\u001b[0m [phantom] Step _thenBypass 430/440: done in 70372ms.\r\n\u001b[32;1m[debug]\u001b[0m [genie] Finished steps for file table26_2022-10-19.html\r\n\u001b[33m[warning]\u001b[0m [genie] No download initiated, but error found. Doing nothing\r\n\u001b[36m[info]\u001b[0m [phantom] Step finishDownload 435/440: done in 70392ms.\r\n\u001b[32;1m[debug]\u001b[0m [genie] Enabling errors\r\n\u001b[36m[info]\u001b[0m [phantom] Step enableErrors 436/440: done in 70412ms.\r\n\u001b[36m[info]\u001b[0m [phantom] Step anonymous 437/440: done in 70432ms.\r\n\u001b[36m[info]\u001b[0m [phantom] Step manageRetries 438/440: done in 70452ms.\r\n*** Printing SUMMARY ***\r\n{\r\n    \"error\": {\r\n        \"table26_2022-10-23.html\": \"Step error: CasperError: Cannot get informations from xpath selector: .//*[@id='input1']: element not found. \",\r\n        \"table26_2022-10-22.html\": \"Step error: CasperError: Cannot get informations from xpath selector: .//*[@id='input1']: element not found. \",\r\n        \"table26_2022-10-21.html\": \"Step error: CasperError: Cannot get informations from xpath selector: .//*[@id='input1']: element not found. \",\r\n        \"table26_2022-10-20.html\": \"Step error: CasperError: Cannot get informations from xpath selector: .//*[@id='input1']: element not found. \",\r\n        \"table26_2022-10-19.html\": \"Step error: CasperError: Cannot get informations from xpath selector: .//*[@id='input1']: element not found. \"\r\n    }\r\n}\r\n*** End printing SUMMARY ***\r\n\u001b[36m[info]\u001b[0m [phantom] Step anonymous 439/440: done in 70472ms.\r\n\u001b[36m[info]\u001b[0m [phantom] Step anonymous 440/440: done in 70492ms.\r\n\u001b[36m[info]\u001b[0m [phantom] Done 440 steps in 70512ms\r\nExtracting archives: /proj/bpas/cap_workspace-2.4/CN-RKK-T1-3/downloads/CNRKT1312/downloads\r\n[2022-10-24 02:02:12,191][rds_connection][INFO][bpas-dev] Output filename: None\r\n[2022-10-24 02:02:14,195][rds_connection][INFO][bpas-dev] Output filename: None\r\n[2022-10-24 02:02:16,200][rds_connection][INFO][bpas-dev] Output filename: None\r\n[2022-10-24 02:02:18,203][rds_connection][INFO][bpas-dev] Output filename: None\r\n[2022-10-24 02:02:20,209][rds_connection][INFO][bpas-dev] Output filename: None\r\n[2022-10-24 02:02:22,213][rds_connection][INFO][bpas-dev] Output filename: None\r\n[2022-10-24 02:02:24,216][rds_connection][INFO][bpas-dev] Output filename: None\r\n[2022-10-24 02:02:26,218][rds_connection][INFO][bpas-dev] Output filename: None\r\n[2022-10-24 02:02:28,222][rds_connection][INFO][bpas-dev] Output filename: None\r\n[2022-10-24 02:02:30,225][rds_connection][INFO][bpas-dev] Output filename: None\r\n[2022-10-24 02:02:32,227][rds_connection][INFO][bpas-dev] Output filename: None\r\n[2022-10-24 02:02:34,230][rds_connection][INFO][bpas-dev] Output filename: None\r\n[2022-10-24 02:02:36,233][rds_connection][INFO][bpas-dev] Output filename: None\r\n[2022-10-24 02:02:38,236][rds_connection][INFO][bpas-dev] Output filename: None\r\n[2022-10-24 02:02:40,240][rds_connection][INFO][bpas-dev] Output filename: None\r\n[2022-10-24 02:02:42,244][rds_connection][INFO][bpas-dev] Output filename: None\r\n[2022-10-24 02:02:44,247][rds_connection][INFO][bpas-dev] Output filename: None\r\n[2022-10-24 02:02:46,250][rds_connection][INFO][bpas-dev] Output filename: None\r\n[2022-10-24 02:02:48,254][rds_connection][INFO][bpas-dev] Output filename: None\r\n[2022-10-24 02:02:50,257][rds_connection][INFO][bpas-dev] Output filename: None\r\n[2022-10-24 02:02:52,260][rds_connection][INFO][bpas-dev] Output filename: None\r\n[2022-10-24 02:02:54,264][rds_connection][INFO][bpas-dev] Output filename: None\r\n[2022-10-24 02:02:56,267][rds_connection][INFO][bpas-dev] Output filename: None\r\n[2022-10-24 02:02:58,271][rds_connection][INFO][bpas-dev] Output filename: None\r\n[2022-10-24 02:03:00,284][rds_connection][INFO][bpas-dev] Output filename: None\r\n[2022-10-24 02:03:02,291][rds_connection][INFO][bpas-dev] Output filename: None\r\n[2022-10-24 02:03:04,295][rds_connection][INFO][bpas-dev] Output filename: None\r\n[2022-10-24 02:03:06,298][rds_connection][INFO][bpas-dev] Output filename: None\r\n[2022-10-24 02:03:08,302][rds_connection][INFO][bpas-dev] Output filename: None\r\n[2022-10-24 02:03:10,319][rds_connection][INFO][bpas-dev] Output filename: None\r\n[2022-10-24 02:03:12,322][rds_connection][INFO][bpas-dev] Output filename: None\r\n[2022-10-24 02:03:14,326][rds_connection][INFO][bpas-dev] Output filename: None\r\n[2022-10-24 02:03:16,330][rds_connection][INFO][bpas-dev] Output filename: None\r\n[2022-10-24 02:03:18,339][rds_connection][INFO][bpas-dev] All queries are executed!\r\n[2022-10-24 02:03:18,339][rds_connection][INFO][bpas-dev] Output filename: WDP_CNRKT131D2_20221024020102.zip\r\n[2022-10-24 02:03:18,339][copperfield_run][INFO][bpas-dev] Received output for CNRKT131D2 : WDP_CNRKT131D2_20221024020102.zip\r\n[2022-10-24 02:03:18,339][copperfield_run][INFO][bpas-dev] Copying necessary data:\r\n[2022-10-24 02:03:18,339][copperfield_run][INFO][bpas-dev] Filename WDP_CNRKT131D2_20221024020102.zip was found for wdp_id:CNRKT131D2. Looking for the file in copperfield_outputs/.\r\n[2022-10-24 02:03:18,497][copperfield_run][INFO][bpas-dev] copperfield_outputs/CNRKT131D2/WDP_CNRKT131D2_20221024020102.zip was found...\r\n[2022-10-24 02:03:18,569][copperfield_run][INFO][bpas-dev] Setting up working directory for Copperfield...\r\n[2022-10-24 02:03:18,570][copperfield_run][INFO][bpas-dev] Moving index file.\r\n[2022-10-24 02:03:18,570][copperfield_run][INFO][bpas-dev] Moving summary file.\r\n[2022-10-24 02:03:18,571][copperfield_run][INFO][bpas-dev] Moving log file.\r\n[2022-10-24 02:03:18,571][copperfield_run][INFO][bpas-dev] Moving arguments log file.\r\n[2022-10-24 02:03:18,571][copperfield_run][INFO][bpas-dev] Moving application_run.sh log file.\r\n[2022-10-24 02:03:18,571][copperfield_run][INFO][bpas-dev] Moving errors log file.\r\n[2022-10-24 02:03:18,571][copperfield_run][INFO][bpas-dev] Working directory is set up.\r\nExtracting archives: /proj/bpas/cap_workspace-2.4/CN-RKK-T1-3/downloads/CNRKT131D2/downloads\r\n\u001b[33m[warning]\u001b[0m [phantom] Casper.waitFor() timeout\r\n\u001b[37;41;1m[error]\u001b[0m [genie] Wait timeout : xpath selector: (.//a[contains(translate(normalize-space(@title), 'ABCDEFGHIJKLMNOPQRSTUVWXYZ', 'abcdefghijklmnopqrstuvwxyz'), translate(normalize-space(''), 'ABCDEFGHIJKLMNOPQRSTUVWXYZ', 'abcdefghijklmnopqrstuvwxyz')) and contains(translate(normalize-space(@title), 'ABCDEFGHIJKLMNOPQRSTUVWXYZ', 'abcdefghijklmnopqrstuvwxyz'), translate(normalize-space(''), 'ABCDEFGHIJKLMNOPQRSTUVWXYZ', 'abcdefghijklmnopqrstuvwxyz'))])[1]\r\n\u001b[37;41;1m[error]\u001b[0m [genie] Bypassing 2 steps, due to error!\r\n\u001b[36m[info]\u001b[0m [phantom] Step _thenBypass 15/32 https://xz.newhouse.fang.com/newblog/ (HTTP 200)\r\n\u001b[36m[info]\u001b[0m [phantom] Step _thenBypass 15/32: done in 3622541ms.\r\n\u001b[36m[info]\u001b[0m [phantom] Step finishDownload 18/32 https://xz.newhouse.fang.com/newblog/ (HTTP 200)\r\n\u001b[32;1m[debug]\u001b[0m [genie] Finished steps for file table32.html\r\n\u001b[33m[warning]\u001b[0m [genie] No download initiated, but error found. Doing nothing\r\n\u001b[36m[info]\u001b[0m [phantom] Step finishDownload 18/32: done in 3622562ms.\r\n\u001b[36m[info]\u001b[0m [phantom] Step enableErrors 19/32 https://xz.newhouse.fang.com/newblog/ (HTTP 200)\r\n\u001b[32;1m[debug]\u001b[0m [genie] Enabling errors\r\n\u001b[36m[info]\u001b[0m [phantom] Step enableErrors 19/32: done in 3622582ms.\r\n\u001b[36m[info]\u001b[0m [phantom] Step anonymous 20/32 https://xz.newhouse.fang.com/newblog/ (HTTP 200)\r\n\u001b[36m[info]\u001b[0m [phantom] Step anonymous 20/32: done in 3622601ms.\r\n\u001b[36m[info]\u001b[0m [phantom] Step manageRetries 21/32 https://xz.newhouse.fang.com/newblog/ (HTTP 200)\r\n\u001b[36m[info]\u001b[0m [phantom] Step manageRetries 21/32: done in 3622621ms.\r\n\u001b[36m[info]\u001b[0m [phantom] Step resetCurrentArgs 22/32 https://xz.newhouse.fang.com/newblog/ (HTTP 200)\r\n\u001b[36m[info]\u001b[0m [phantom] Step resetCurrentArgs 22/32: done in 3622641ms.\r\n\u001b[36m[info]\u001b[0m [phantom] Step setCurrentFile 23/32 https://xz.newhouse.fang.com/newblog/ (HTTP 200)\r\n\u001b[36m[info]\u001b[0m [phantom] Step setCurrentFile 23/32: done in 3622661ms.\r\n\u001b[36m[info]\u001b[0m [phantom] Step currentArgsForEach 24/32 https://xz.newhouse.fang.com/newblog/ (HTTP 200)\r\n\u001b[36m[info]\u001b[0m [phantom] Step currentArgsForEach 24/32: done in 3622682ms.\r\n\u001b[36m[info]\u001b[0m [phantom] Step setCurrentArg 25/44 https://xz.newhouse.fang.com/newblog/ (HTTP 200)\r\n\u001b[36m[info]\u001b[0m [phantom] Step setCurrentArg 25/44: done in 3622701ms.\r\n\u001b[36m[info]\u001b[0m [phantom] Step stopErrors 26/44 https://xz.newhouse.fang.com/newblog/ (HTTP 200)\r\n\u001b[32;1m[debug]\u001b[0m [genie] Stopping errors\r\n\u001b[36m[info]\u001b[0m [phantom] Step stopErrors 26/44: done in 3622722ms.\r\n\u001b[36m[info]\u001b[0m [phantom] Step setCurrentFile 27/44 https://xz.newhouse.fang.com/newblog/ (HTTP 200)\r\n\u001b[36m[info]\u001b[0m [phantom] Step setCurrentFile 27/44: done in 3622741ms.\r\n\u001b[36m[info]\u001b[0m [phantom] Step setDownload 28/44 https://xz.newhouse.fang.com/newblog/ (HTTP 200)\r\n\u001b[32;1m[debug]\u001b[0m [genie] Starting download steps for file table38.html\r\n\u001b[36m[info]\u001b[0m [phantom] Step setDownload 28/44: done in 3622762ms.\r\n\u001b[36m[info]\u001b[0m [phantom] Step setCurrentFile 29/45 https://xz.newhouse.fang.com/newblog/ (HTTP 200)\r\n\u001b[36m[info]\u001b[0m [phantom] Step setCurrentFile 29/45: done in 3622781ms.\r\n\u001b[32;1m[debug]\u001b[0m [phantom] opening url: https://news.efw.cn/chaxun-70.html, HTTP GET\r\n\u001b[32;1m[debug]\u001b[0m [phantom] Navigation requested: url=https://news.efw.cn/chaxun-70.html, type=Other, willNavigate=true, isMainFrame=true\r\n\u001b[37;41;1m[error]\u001b[0m [genie] 404 response found (Not Found): https://news.efw.cn/chaxun-70.html\r\n\u001b[37;41;1m[error]\u001b[0m [genie] Bypassing 3 steps, due to error!\r\n\u001b[33m[warning]\u001b[0m [phantom] Loading resource failed with status=fail (HTTP 404): https://news.efw.cn/chaxun-70.html\r\n\u001b[32;1m[debug]\u001b[0m [phantom] Automatically injected /proj/bpas/dev/casperjs-1.3/modules/jquery.js client side\r\n\u001b[32;1m[debug]\u001b[0m [phantom] Automatically injected /proj/bpas/dev/casperjs-1.3/modules/jquery.xpath.js client side\r\n\u001b[32;1m[debug]\u001b[0m [phantom] Automatically injected /proj/bpas/dev/casperjs-1.3/modules/jquery.expath.js client side\r\n\u001b[36m[info]\u001b[0m [phantom] Step _thenBypass 31/46 https://xz.newhouse.fang.com/newblog/ (HTTP 404)\r\n\u001b[36m[info]\u001b[0m [phantom] Step _thenBypass 31/46: done in 3624069ms.\r\n\u001b[36m[info]\u001b[0m [phantom] Step finishDownload 35/46 https://xz.newhouse.fang.com/newblog/ (HTTP 404)\r\n\u001b[32;1m[debug]\u001b[0m [genie] Finished steps for file table38.html\r\n\u001b[33m[warning]\u001b[0m [genie] No download initiated, but error found. Doing nothing\r\n\u001b[36m[info]\u001b[0m [phantom] Step finishDownload 35/46: done in 3624086ms.\r\n\u001b[36m[info]\u001b[0m [phantom] Step enableErrors 36/46 https://xz.newhouse.fang.com/newblog/ (HTTP 404)\r\n\u001b[32;1m[debug]\u001b[0m [genie] Enabling errors\r\n\u001b[36m[info]\u001b[0m [phantom] Step enableErrors 36/46: done in 3624106ms.\r\n\u001b[36m[info]\u001b[0m [phantom] Step anonymous 37/46 https://xz.newhouse.fang.com/newblog/ (HTTP 404)\r\n\u001b[36m[info]\u001b[0m [phantom] Step anonymous 37/46: done in 3624126ms.\r\n\u001b[36m[info]\u001b[0m [phantom] Step manageRetries 38/46 https://xz.newhouse.fang.com/newblog/ (HTTP 404)\r\n\u001b[36m[info]\u001b[0m [phantom] Step manageRetries 38/46: done in 3624146ms.\r\n\u001b[36m[info]\u001b[0m [phantom] Step resetCurrentArgs 39/46 https://xz.newhouse.fang.com/newblog/ (HTTP 404)\r\n\u001b[36m[info]\u001b[0m [phantom] Step resetCurrentArgs 39/46: done in 3624166ms.\r\n\u001b[36m[info]\u001b[0m [phantom] Step setCurrentFile 40/46 https://xz.newhouse.fang.com/newblog/ (HTTP 404)\r\n\u001b[36m[info]\u001b[0m [phantom] Step setCurrentFile 40/46: done in 3624186ms.\r\n\u001b[36m[info]\u001b[0m [phantom] Step currentArgsForEach 41/46 https://xz.newhouse.fang.com/newblog/ (HTTP 404)\r\n\u001b[36m[info]\u001b[0m [phantom] Step currentArgsForEach 41/46: done in 3624206ms.\r\n\u001b[36m[info]\u001b[0m [phantom] Step setCurrentArg 42/58 https://xz.newhouse.fang.com/newblog/ (HTTP 404)\r\n\u001b[36m[info]\u001b[0m [phantom] Step setCurrentArg 42/58: done in 3624226ms.\r\n\u001b[36m[info]\u001b[0m [phantom] Step stopErrors 43/58 https://xz.newhouse.fang.com/newblog/ (HTTP 404)\r\n\u001b[32;1m[debug]\u001b[0m [genie] Stopping errors\r\n\u001b[36m[info]\u001b[0m [phantom] Step stopErrors 43/58: done in 3624246ms.\r\n\u001b[36m[info]\u001b[0m [phantom] Step setCurrentFile 44/58 https://xz.newhouse.fang.com/newblog/ (HTTP 404)\r\n\u001b[36m[info]\u001b[0m [phantom] Step setCurrentFile 44/58: done in 3624266ms.\r\n\u001b[36m[info]\u001b[0m [phantom] Step setDownload 45/58 https://xz.newhouse.fang.com/newblog/ (HTTP 404)\r\n\u001b[32;1m[debug]\u001b[0m [genie] Starting download steps for file table4_new.html\r\n\u001b[36m[info]\u001b[0m [phantom] Step setDownload 45/58: done in 3624286ms.\r\n\u001b[36m[info]\u001b[0m [phantom] Step setCurrentFile 46/59 https://xz.newhouse.fang.com/newblog/ (HTTP 404)\r\n\u001b[36m[info]\u001b[0m [phantom] Step setCurrentFile 46/59: done in 3624306ms.\r\n\u001b[32;1m[debug]\u001b[0m [phantom] opening url: http://fgj.wuhan.gov.cn/xxgk/xxgkml/sjfb/mrxjspfcjtjqk/, HTTP GET\r\n\u001b[32;1m[debug]\u001b[0m [phantom] Navigation requested: url=http://fgj.wuhan.gov.cn/xxgk/xxgkml/sjfb/mrxjspfcjtjqk/, type=Other, willNavigate=true, isMainFrame=true\r\n\u001b[32;1m[debug]\u001b[0m [phantom] url changed to \"http://fgj.wuhan.gov.cn/xxgk/xxgkml/sjfb/mrxjspfcjtjqk/\"\r\nremote console.log: no valid method for getting user was provided.\r\nremote console.log: sessionCookie expired: undefined, so create new: l9m6zri2_3409_16148\r\nremote console.log: UVCookie expired: undefined, so create new: l9m6zri2_3409_7uv\r\nremote console.log: set UVCookie topLevelDomain: wuhan.gov.cn, _trs_uv=l9m6zri2_3409_7uv\r\nremote console.log: set sessionCookie: _trs_ua_s_1=l9m6zri2_3409_16148\r\n\u001b[32;1m[debug]\u001b[0m [phantom] Automatically injected /proj/bpas/dev/casperjs-1.3/modules/jquery.js client side\r\n\u001b[32;1m[debug]\u001b[0m [phantom] Automatically injected /proj/bpas/dev/casperjs-1.3/modules/jquery.xpath.js client side\r\n\u001b[32;1m[debug]\u001b[0m [phantom] Automatically injected /proj/bpas/dev/casperjs-1.3/modules/jquery.expath.js client side\r\n\u001b[32;1m[debug]\u001b[0m [phantom] Successfully injected Casper client-side utilities\r\n\u001b[36m[info]\u001b[0m [phantom] Step _step 48/59 http://fgj.wuhan.gov.cn/xxgk/xxgkml/sjfb/mrxjspfcjtjqk/ (HTTP 200)\r\n\u001b[36m[info]\u001b[0m [phantom] Step _step 48/59: done in 3629232ms.\r\n\u001b[36m[info]\u001b[0m [phantom] wait() finished waiting for 15000ms.\r\n\u001b[36m[info]\u001b[0m [phantom] Step anonymous 49/59 http://fgj.wuhan.gov.cn/xxgk/xxgkml/sjfb/mrxjspfcjtjqk/ (HTTP 200)\r\n\u001b[36m[info]\u001b[0m [phantom] Step anonymous 49/59: done in 3644235ms.\r\n\u001b[36m[info]\u001b[0m [phantom] Step _step 50/63 http://fgj.wuhan.gov.cn/xxgk/xxgkml/sjfb/mrxjspfcjtjqk/ (HTTP 200)\r\n\u001b[36m[info]\u001b[0m [phantom] Step _step 50/63: done in 3644256ms.\r\n\u001b[36m[info]\u001b[0m [phantom] Step _step 51/63 http://fgj.wuhan.gov.cn/xxgk/xxgkml/sjfb/mrxjspfcjtjqk/ (HTTP 200)\r\n\u001b[36m[info]\u001b[0m [phantom] Step _step 51/63: done in 3644274ms.\r\n\u001b[36m[info]\u001b[0m [phantom] wait() finished waiting for 250ms.\r\n\u001b[36m[info]\u001b[0m [phantom] Step _step 52/63 http://fgj.wuhan.gov.cn/xxgk/xxgkml/sjfb/mrxjspfcjtjqk/ (HTTP 200)\r\n\u001b[36m[info]\u001b[0m [phantom] Step _step 52/63: done in 3644534ms.\r\n\u001b[37;41;1m[error]\u001b[0m [phantom] Script timeout of 7200000ms reached, exiting.\r\n\u001b[37;41;1mScript timeout of 7200000ms reached, exiting.\u001b[0m\r\n*** Printing SUMMARY ***\r\n{}\r\n*** End printing SUMMARY ***\r\nTraceback (most recent call last):\r\n  File \"/proj/bpas/dev/cdp-1.3/bin/cdp_run\", line 290, in <module>\r\n    exec_cmd(get_run_cdp_cmd(CDP_DIR, args.keep_index, params))\r\n  File \"/proj/bpas/dev/cdp-1.3/bin/cdp_run\", line 118, in exec_cmd\r\n    subprocess.check_call(cmd.split(), stderr=subprocess.STDOUT)\r\n  File \"/usr/lib64/python2.7/subprocess.py\", line 542, in check_call\r\n    raise CalledProcessError(retcode, cmd)\r\nsubprocess.CalledProcessError: Command '['casperjs', '--engine=phantomjs', '--web-security=no', '--ignore-ssl-errors=yes', '--summary_file=/proj/bpas/cap_workspace-2.4/CN-RKK-T1-3/downloads/CNRKT1311/summary.txt', '--ssl-protocol=any', 'cdp.js', '--invocation_options_file=invocation_options.json', '--json_options_file=options.json', '--work_dir=downloads', '--json_options', '--result_file=/proj/bpas/cap_workspace-2.4/CN-RKK-T1-3/downloads/CNRKT1311/result.txt', '--index_file=/proj/bpas/cap_workspace-2.4/CN-RKK-T1-3/downloads/CNRKT1311/index.txt']' returned non-zero exit status 1\r\nProcess Process-2:\r\nTraceback (most recent call last):\r\n  File \"/usr/local/lib/python3.7/multiprocessing/process.py\", line 297, in _bootstrap\r\n    self.run()\r\n  File \"/usr/local/lib/python3.7/multiprocessing/process.py\", line 99, in run\r\n    self._target(*self._args, **self._kwargs)\r\n  File \"/proj/bpas/dev/cpy-2.4/cpy/develop/local/run.py\", line 111, in process_dp_parsers\r\n    self.download_process_run(pub_code, cap_name, download_process_name, dp_folder, dp_type, self.run_args)\r\n  File \"/proj/bpas/dev/cpy-2.4/cpy/develop/local/run.py\", line 215, in download_process_run\r\n    check_call(CDP_RUN + run_args, shell=True, **self.output)\r\n  File \"/usr/local/lib/python3.7/subprocess.py\", line 363, in check_call\r\n    raise CalledProcessError(retcode, cmd)\r\nsubprocess.CalledProcessError: Command 'cdp_run --keep_index' returned non-zero exit status 1.\r\n\u001b[37;41;1m[error]\u001b[0m [phantom] Script timeout of 7200000ms reached, exiting.\r\n\u001b[37;41;1mScript timeout of 7200000ms reached, exiting.\u001b[0m\r\n*** Printing SUMMARY ***\r\n{\r\n    \"error\": {\r\n        \"table32.html\": \"Wait timeout : xpath selector: (.//a[contains(translate(normalize-space(@title), 'ABCDEFGHIJKLMNOPQRSTUVWXYZ', 'abcdefghijklmnopqrstuvwxyz'), translate(normalize-space(''), 'ABCDEFGHIJKLMNOPQRSTUVWXYZ', 'abcdefghijklmnopqrstuvwxyz')) and contains(translate(normalize-space(@title), 'ABCDEFGHIJKLMNOPQRSTUVWXYZ', 'abcdefghijklmnopqrstuvwxyz'), translate(normalize-space(''), 'ABCDEFGHIJKLMNOPQRSTUVWXYZ', 'abcdefghijklmnopqrstuvwxyz'))])[1]\",\r\n        \"table38.html\": \"404 response found (Not Found): https://news.efw.cn/chaxun-70.html\"\r\n    }\r\n}\r\n*** End printing SUMMARY ***\r\nTraceback (most recent call last):\r\n  File \"/proj/bpas/dev/cdp-1.3/bin/cdp_run\", line 290, in <module>\r\n    exec_cmd(get_run_cdp_cmd(CDP_DIR, args.keep_index, params))\r\n  File \"/proj/bpas/dev/cdp-1.3/bin/cdp_run\", line 118, in exec_cmd\r\n    subprocess.check_call(cmd.split(), stderr=subprocess.STDOUT)\r\n  File \"/usr/lib64/python2.7/subprocess.py\", line 542, in check_call\r\n    raise CalledProcessError(retcode, cmd)\r\nsubprocess.CalledProcessError: Command '['casperjs', '--engine=phantomjs', '--web-security=no', '--ignore-ssl-errors=yes', '--summary_file=/proj/bpas/cap_workspace-2.4/CN-RKK-T1-3/downloads/CNRKT1313/summary.txt', '--ssl-protocol=any', 'cdp.js', '--invocation_options_file=invocation_options.json', '--json_options_file=options.json', '--work_dir=downloads', '--json_options', '--result_file=/proj/bpas/cap_workspace-2.4/CN-RKK-T1-3/downloads/CNRKT1313/result.txt', '--index_file=/proj/bpas/cap_workspace-2.4/CN-RKK-T1-3/downloads/CNRKT1313/index.txt']' returned non-zero exit status 1\r\nProcess Process-4:\r\nTraceback (most recent call last):\r\n  File \"/usr/local/lib/python3.7/multiprocessing/process.py\", line 297, in _bootstrap\r\n    self.run()\r\n  File \"/usr/local/lib/python3.7/multiprocessing/process.py\", line 99, in run\r\n    self._target(*self._args, **self._kwargs)\r\n  File \"/proj/bpas/dev/cpy-2.4/cpy/develop/local/run.py\", line 111, in process_dp_parsers\r\n    self.download_process_run(pub_code, cap_name, download_process_name, dp_folder, dp_type, self.run_args)\r\n  File \"/proj/bpas/dev/cpy-2.4/cpy/develop/local/run.py\", line 215, in download_process_run\r\n    check_call(CDP_RUN + run_args, shell=True, **self.output)\r\n  File \"/usr/local/lib/python3.7/subprocess.py\", line 363, in check_call\r\n    raise CalledProcessError(retcode, cmd)\r\nsubprocess.CalledProcessError: Command 'cdp_run --keep_index' returned non-zero exit status 1.\r\n\r\n-------------\r\nCN-RKK-T1-3 {\"inbox\": \"cn-ceic\", \"download_script_version\": 1.3, \"processing_script_version\": 2.4, \"bpas_version\": 2.4, \"activated_healings\": [], \"pub_code\": \"CNRKT131\", \"parser_interpret\": \"Python\", \"parser_lib\": null, \"conversion_rules\": [], \"downloads\": [{\"wdp_type\": \"CDP\", \"download_id\": \"CNRKT1311\"}, {\"wdp_type\": \"CDP\", \"download_id\": \"CNRKT1312\"}, {\"wdp_type\": \"CDP\", \"download_id\": \"CNRKT1313\"}, {\"wdp_type\": \"PDP\", \"download_id\": \"CNRKT131D1\"}, {\"wdp_type\": \"NCH\", \"download_id\": \"CNRKT131D2\"}], \"proxy\": \"NO\"}\r\n-------------\r\n\r\n############# DOWNLOADING AND FIXING METADATA ##############\r\nMetadata is downloaded: metadata.json\r\n############################################################\r\nCPY VERSION: 2.4\r\nStarting tool: download\r\n['/proj/bpas/dev/cpy-2.4/bin/cap', 'download', '-cap_names', 'CN-RKK-T1-3']\r\nDownloading mapping from BPA\r\nDownloading download mapping from BPA\r\nDownloading download mapping from BPA\r\nDownloading download mapping from BPA\r\nDownloading download mapping from BPA\r\nDownloading download mapping from BPA\r\n\r\n-------------\r\nCN-RKK-T1-3 {\"inbox\": \"cn-ceic\", \"download_script_version\": 1.3, \"processing_script_version\": 2.4, \"bpas_version\": 2.4, \"activated_healings\": [], \"pub_code\": \"CNRKT131\", \"parser_interpret\": \"Python\", \"parser_lib\": null, \"conversion_rules\": [], \"downloads\": [{\"wdp_type\": \"CDP\", \"download_id\": \"CNRKT1311\"}, {\"wdp_type\": \"CDP\", \"download_id\": \"CNRKT1312\"}, {\"wdp_type\": \"CDP\", \"download_id\": \"CNRKT1313\"}, {\"wdp_type\": \"PDP\", \"download_id\": \"CNRKT131D1\"}, {\"wdp_type\": \"NCH\", \"download_id\": \"CNRKT131D2\"}], \"proxy\": \"NO\"}\r\n-------------\r\n\r\nCPY VERSION: 2.4\r\nStarting tool: run\r\n['/proj/bpas/dev/cpy-2.4/bin/cap', 'run', '-cap_names', '-parser']\r\n############# DOWNLOADING AND FIXING METADATA ##############\r\nMetadata is downloaded: metadata.json\r\n############################################################\r\n############# DOWNLOADING AND FIXING METADATA ##############\r\nMetadata is downloaded: metadata.json\r\n############################################################\r\n############# DOWNLOADING AND FIXING METADATA ##############\r\nMetadata is downloaded: metadata.json\r\n############################################################\r\n############# DOWNLOADING AND FIXING METADATA ##############\r\nMetadata is downloaded: metadata.json\r\n############################################################\r\nStarting parser for table21. VERSION: 2.4\r\nLaunching table Table21 for table21 sheet1\r\nsheet1 -*- Found 7 rows\r\nsheet1 -*- Saved 3 values\r\nFinished parsing file table21\r\nStarting parser for table21. VERSION: 2.4\r\nLaunching table Table21 for table21 sheet1\r\nsheet1 -*- Found 7 rows\r\nsheet1 -*- Saved 3 values\r\nFinished parsing file table21\r\nStarting parser for table21. VERSION: 2.4\r\nLaunching table Table21 for table21 sheet1\r\nsheet1 -*- Found 7 rows\r\nsheet1 -*- Saved 3 values\r\nFinished parsing file table21\r\nStarting parser for table21. VERSION: 2.4\r\nLaunching table Table21 for table21 sheet1\r\nsheet1 -*- Found 7 rows\r\nsheet1 -*- Saved 3 values\r\nFinished parsing file table21\r\n############# DOWNLOADING AND FIXING METADATA ##############\r\nMetadata is downloaded: metadata.json\r\n############################################################\r\nDownloading mapping from BPA\r\ncpy_run --file /proj/bpas/cap_workspace-2.4/CN-RKK-T1-3/parsers/CNRKT131/parser.py --metadata /proj/bpas/cap_workspace-2.4/CN-RKK-T1-3/parsers/CNRKT131/metadata.json /proj/bpas/cap_workspace-2.4/CN-RKK-T1-3/downloads/CNRKT1311/downloads  --info --append --db --automation_name=CN-RKK-T1-3\r\nDownloading mapping from BPA\r\ncpy_run --file /proj/bpas/cap_workspace-2.4/CN-RKK-T1-3/parsers/CNRKT131/parser.py --metadata /proj/bpas/cap_workspace-2.4/CN-RKK-T1-3/parsers/CNRKT131/metadata.json /proj/bpas/cap_workspace-2.4/CN-RKK-T1-3/downloads/CNRKT1312/downloads  --info --append --db --automation_name=CN-RKK-T1-3\r\nDownloading mapping from BPA\r\ncpy_run --file /proj/bpas/cap_workspace-2.4/CN-RKK-T1-3/parsers/CNRKT131/parser.py --metadata /proj/bpas/cap_workspace-2.4/CN-RKK-T1-3/parsers/CNRKT131/metadata.json /proj/bpas/cap_workspace-2.4/CN-RKK-T1-3/downloads/CNRKT1313/downloads  --info --append --db --automation_name=CN-RKK-T1-3\r\nDownloading mapping from BPA\r\ncpy_run --file /proj/bpas/cap_workspace-2.4/CN-RKK-T1-3/parsers/CNRKT131/parser.py --metadata /proj/bpas/cap_workspace-2.4/CN-RKK-T1-3/parsers/CNRKT131/metadata.json /proj/bpas/cap_workspace-2.4/CN-RKK-T1-3/downloads/CNRKT131D1/downloads  --info --append --db --automation_name=CN-RKK-T1-3\r\nDownloading mapping from BPA\r\ncpy_run --file /proj/bpas/cap_workspace-2.4/CN-RKK-T1-3/parsers/CNRKT131/parser.py --metadata /proj/bpas/cap_workspace-2.4/CN-RKK-T1-3/parsers/CNRKT131/metadata.json /proj/bpas/cap_workspace-2.4/CN-RKK-T1-3/downloads/CNRKT131D2/downloads  --info --append --db --automation_name=CN-RKK-T1-3\r\n\r\n-------------\r\nCN-RKK-T1-3 {\"inbox\": \"cn-ceic\", \"download_script_version\": 1.3, \"processing_script_version\": 2.4, \"bpas_version\": 2.4, \"activated_healings\": [], \"pub_code\": \"CNRKT131\", \"parser_interpret\": \"Python\", \"parser_lib\": null, \"conversion_rules\": [], \"downloads\": [{\"wdp_type\": \"CDP\", \"download_id\": \"CNRKT1311\"}, {\"wdp_type\": \"CDP\", \"download_id\": \"CNRKT1312\"}, {\"wdp_type\": \"CDP\", \"download_id\": \"CNRKT1313\"}, {\"wdp_type\": \"PDP\", \"download_id\": \"CNRKT131D1\"}, {\"wdp_type\": \"NCH\", \"download_id\": \"CNRKT131D2\"}], \"proxy\": \"NO\"}\r\n-------------\r\n\r\n"