Traceback (most recent call last):
  File "/root/Fallout76MarketplaceKarmaTransferBot/venv/lib/python3.10/site-packages/requests/models.py", line 971, in json
    return complexjson.loads(self.text, **kwargs)
  File "/usr/local/lib/python3.10/json/__init__.py", line 346, in loads
    return _default_decoder.decode(s)
  File "/usr/local/lib/python3.10/json/decoder.py", line 337, in decode
    obj, end = self.raw_decode(s, idx=_w(s, 0).end())
  File "/usr/local/lib/python3.10/json/decoder.py", line 353, in raw_decode
    obj, end = self.scan_once(s, idx)
json.decoder.JSONDecodeError: Unterminated string starting at: line 1 column 69319 (char 69318)

During handling of the above exception, another exception occurred:

Traceback (most recent call last):
  File "/root/Fallout76MarketplaceKarmaTransferBot/venv/lib/python3.10/site-packages/prawcore/sessions.py", line 275, in _request_with_retries
    return response.json()
  File "/root/Fallout76MarketplaceKarmaTransferBot/venv/lib/python3.10/site-packages/requests/models.py", line 975, in json
    raise RequestsJSONDecodeError(e.msg, e.doc, e.pos)
requests.exceptions.JSONDecodeError: Unterminated string starting at: line 1 column 69319 (char 69318)

During handling of the above exception, another exception occurred:

Traceback (most recent call last):
  File "/root/Fallout76MarketplaceKarmaTransferBot/main.py", line 258, in main
    for comment in comment_stream:
  File "/root/Fallout76MarketplaceKarmaTransferBot/venv/lib/python3.10/site-packages/praw/models/util.py", line 195, in stream_generator
    for item in reversed(list(function(limit=limit, **function_kwargs))):
  File "/root/Fallout76MarketplaceKarmaTransferBot/venv/lib/python3.10/site-packages/praw/models/listing/generator.py", line 63, in __next__
    self._next_batch()
  File "/root/Fallout76MarketplaceKarmaTransferBot/venv/lib/python3.10/site-packages/praw/models/listing/generator.py", line 89, in _next_batch
    self._listing = self._reddit.get(self.url, params=self.params)
  File "/root/Fallout76MarketplaceKarmaTransferBot/venv/lib/python3.10/site-packages/praw/util/deprecate_args.py", line 43, in wrapped
    return func(**dict(zip(_old_args, args)), **kwargs)
  File "/root/Fallout76MarketplaceKarmaTransferBot/venv/lib/python3.10/site-packages/praw/reddit.py", line 634, in get
    return self._objectify_request(method="GET", params=params, path=path)
  File "/root/Fallout76MarketplaceKarmaTransferBot/venv/lib/python3.10/site-packages/praw/reddit.py", line 739, in _objectify_request
    self.request(
  File "/root/Fallout76MarketplaceKarmaTransferBot/venv/lib/python3.10/site-packages/praw/util/deprecate_args.py", line 43, in wrapped
    return func(**dict(zip(_old_args, args)), **kwargs)
  File "/root/Fallout76MarketplaceKarmaTransferBot/venv/lib/python3.10/site-packages/praw/reddit.py", line 941, in request
    return self._core.request(
  File "/root/Fallout76MarketplaceKarmaTransferBot/venv/lib/python3.10/site-packages/prawcore/sessions.py", line 330, in request
    return self._request_with_retries(
  File "/root/Fallout76MarketplaceKarmaTransferBot/venv/lib/python3.10/site-packages/prawcore/sessions.py", line 277, in _request_with_retries
    raise BadJSON(response)
prawcore.exceptions.BadJSON: received 200 HTTP response
