(achievements_venv) wcpc@wcpc-HP-ProBook-6570b:~/trading_project/forex-royale/trading-teaching-platform/project/achievements$ pytest -s --disable-warnings -v tests/integration/observables/test_multiple_goal_achievement.py -m in_work
============================================================================= test session starts ==============================================================================
platform linux -- Python 3.8.10, pytest-7.2.1, pluggy-1.0.0
rootdir: /home/wcpc/trading_project/forex-royale/trading-teaching-platform/project/achievements, configfile: tox.ini
plugins: asyncio-0.14.0, mock-3.6.1, integration-0.2.2, dotenv-0.5.2
collected 3 items / 2 deselected / 1 selected                                                                                                                                  

tests/integration/observables/test_multiple_goal_achievement.py 
--------------------------------------------------------------
goals=[UserGoalSchema(id=1, goal_id=1, owner_id='8b81bd9a-62dc-44d2-abcb-f7034a3880fd', created_at=datetime.datetime(2023, 2, 15, 15, 41, 42, 603661), modified_at=datetime.datetime(2023, 2, 15, 15, 41, 42, 603662))]
.

================================================================= 1 passed, 2 deselected, 4 warnings in 0.86s ==================================================================
(achievements_venv) wcpc@wcpc-HP-ProBook-6570b:~/trading_project/forex-royale/trading-teaching-platform/project/achievements$ pytest -s --disable-warnings -v tests/integration/observables/test_multiple_goal_achievement.py 
============================================================================= test session starts ==============================================================================
platform linux -- Python 3.8.10, pytest-7.2.1, pluggy-1.0.0
rootdir: /home/wcpc/trading_project/forex-royale/trading-teaching-platform/project/achievements, configfile: tox.ini
plugins: asyncio-0.14.0, mock-3.6.1, integration-0.2.2, dotenv-0.5.2
collected 3 items                                                                                                                                                              

tests/integration/observables/test_multiple_goal_achievement.py .
--------------------------------------------------------------
goals=[]
F

=================================================================================== FAILURES ===================================================================================
___________________________________________________________________________ test_one_goal_definition ___________________________________________________________________________

monkeypatch = <_pytest.monkeypatch.MonkeyPatch object at 0x7fb5ac9fe910>, no_cache = <local_cache.cache.LocalCache object at 0x7fb5acd7e790>
db = <sqlalchemy.ext.asyncio.engine.AsyncEngine object at 0x7fb5acdf3640>, scheduler = <Scheduler jobs=0>, disable_signals = <function AIOSignal.send at 0x7fb5b1b3c820>
redis = Redis<ConnectionPool<Connection<host=127.0.0.1,port=6379,db=0>>>

    @pytest.mark.in_work
    @pytest.mark.asyncio
    @pytest.mark.integration_test
    async def test_one_goal_definition(
        monkeypatch, no_cache, db, scheduler, disable_signals, redis
    ):
        print('\n--------------------------------------------------------------')
        monkeypatch.setattr(*GATHER_PARAMS)
        redis.flushdb()
    
        async with transaction(db, force_rollback=True):
            await goals_repository.create({
                'domain': ORDER_COMPLETE_DAY, 'amount': 2,
            })
            await complete_different_orders()
            observeds = await observe_order_complete(await complete_order())
            goals = await achieve_goals(observeds)
            print(f'{goals=}')
>           assert len(goals) == 1
E           assert 0 == 1
E            +  where 0 = len([])

tests/integration/observables/test_multiple_goal_achievement.py:57: AssertionError
=========================================================================== short test summary info ============================================================================
FAILED tests/integration/observables/test_multiple_goal_achievement.py::test_one_goal_definition - assert 0 == 1
